#
# There is insufficient memory for the Java Runtime Environment to continue.
# Native memory allocation (malloc) failed to allocate 1023936 bytes for Chunk::new
# Possible reasons:
#   The system is out of physical RAM or swap space
#   The process is running with CompressedOops enabled, and the Java Heap may be blocking the growth of the native heap
# Possible solutions:
#   Reduce memory load on the system
#   Increase physical memory or swap space
#   Check if swap backing store is full
#   Decrease Java heap size (-Xmx/-Xms)
#   Decrease number of Java threads
#   Decrease Java thread stack sizes (-Xss)
#   Set larger code cache with -XX:ReservedCodeCacheSize=
#   JVM is running with Unscaled Compressed Oops mode in which the Java heap is
#     placed in the first 4GB address space. The Java Heap base address is the
#     maximum limit for the native heap growth. Please use -XX:HeapBaseMinAddress
#     to set the Java Heap base and to place the Java Heap above 4GB virtual address.
# This output file may be truncated or incomplete.
#
#  Out of Memory Error (./src/hotspot/share/memory/arena.cpp:197), pid=16776, tid=13768
#
# JRE version: OpenJDK Runtime Environment (11.0.10) (build 11.0.10+0-b96-7249189)
# Java VM: OpenJDK 64-Bit Server VM (11.0.10+0-b96-7249189, mixed mode, tiered, compressed oops, g1 gc, windows-amd64)
# No core dump will be written. Minidumps are not enabled by default on client versions of Windows
#

---------------  S U M M A R Y ------------

Command Line: --add-opens=java.base/java.util=ALL-UNNAMED --add-opens=java.base/java.lang=ALL-UNNAMED --add-opens=java.base/java.lang.invoke=ALL-UNNAMED --add-opens=java.base/java.util=ALL-UNNAMED --add-opens=java.prefs/java.util.prefs=ALL-UNNAMED --add-opens=java.prefs/java.util.prefs=ALL-UNNAMED --add-opens=java.base/java.nio.charset=ALL-UNNAMED --add-opens=java.base/java.net=ALL-UNNAMED --add-opens=java.base/java.util.concurrent.atomic=ALL-UNNAMED -Xmx2048m -Dfile.encoding=UTF-8 -Duser.country=KR -Duser.language=ko -Duser.variant org.gradle.launcher.daemon.bootstrap.GradleDaemon 7.0.2

Host: Intel(R) Core(TM) i5-6200U CPU @ 2.30GHz, 4 cores, 7G,  Windows 10 , 64 bit Build 19041 (10.0.19041.1503)
Time: Sun Mar  6 19:26:16 2022 대한민국 표준시 elapsed time: 53.084927 seconds (0d 0h 0m 53s)

---------------  T H R E A D  ---------------

Current thread (0x000001d10da86800):  JavaThread "C2 CompilerThread1" daemon [_thread_in_native, id=13768, stack(0x0000003f9c100000,0x0000003f9c200000)]


Current CompileTask:
C2:  53085 15943       4       sun.invoke.util.VerifyAccess::isClassAccessible (182 bytes)

Stack: [0x0000003f9c100000,0x0000003f9c200000]
Native frames: (J=compiled Java code, j=interpreted, Vv=VM code, C=native code)
V  [jvm.dll+0x5ecfaa]
V  [jvm.dll+0x722bd5]
V  [jvm.dll+0x72412d]
V  [jvm.dll+0x7247e3]
V  [jvm.dll+0x242928]
V  [jvm.dll+0xbc4fc]
V  [jvm.dll+0xbca0c]
V  [jvm.dll+0x2b4fd4]
V  [jvm.dll+0x506028]
V  [jvm.dll+0x203253]
V  [jvm.dll+0x1fd07c]
V  [jvm.dll+0x1fa77f]
V  [jvm.dll+0x18354c]
V  [jvm.dll+0x208ee7]
V  [jvm.dll+0x207731]
V  [jvm.dll+0x6eb1cf]
V  [jvm.dll+0x6e3d45]
V  [jvm.dll+0x5ebe96]
C  [ucrtbase.dll+0x21bb2]
C  [KERNEL32.DLL+0x17034]
C  [ntdll.dll+0x52651]


---------------  P R O C E S S  ---------------

Threads class SMR info:
_java_thread_list=0x000001d10d1233d0, length=60, elements={
0x000001d169ef2000, 0x000001d17fa3d000, 0x000001d17fa40000, 0x000001d17fa70000,
0x000001d17fa72800, 0x000001d17fa74000, 0x000001d17fa7b000, 0x000001d17fa7c800,
0x000001d17fa8a800, 0x000001d17fcd2000, 0x000001d10894b000, 0x000001d109acf800,
0x000001d1099d0800, 0x000001d108627000, 0x000001d109b0f000, 0x000001d1084d1800,
0x000001d108edc800, 0x000001d106ac4800, 0x000001d10939e000, 0x000001d107a2a800,
0x000001d107a2b000, 0x000001d107a29800, 0x000001d107a2c000, 0x000001d106aa4800,
0x000001d106aa1800, 0x000001d106aa3000, 0x000001d106a9f800, 0x000001d106aa2000,
0x000001d106aa3800, 0x000001d106aa0800, 0x000001d106aa6000, 0x000001d10929e000,
0x000001d1092a0800, 0x000001d1092a4800, 0x000001d1092a2000, 0x000001d10929f800,
0x000001d1092a7000, 0x000001d1092a5800, 0x000001d1092a8000, 0x000001d1092a3800,
0x000001d1092a6000, 0x000001d1092a8800, 0x000001d1092a3000, 0x000001d1092aa800,
0x000001d1092ab000, 0x000001d1092ac000, 0x000001d1092ac800, 0x000001d106da1000,
0x000001d106d9f800, 0x000001d106da3000, 0x000001d106da0800, 0x000001d106d9e000,
0x000001d106d9f000, 0x000001d106da2000, 0x000001d106d9d000, 0x000001d106da5800,
0x000001d106da8800, 0x000001d106da4800, 0x000001d106da3800, 0x000001d10da86800
}

Java Threads: ( => current thread )
  0x000001d169ef2000 JavaThread "main" [_thread_blocked, id=17292, stack(0x0000003f98e00000,0x0000003f98f00000)]
  0x000001d17fa3d000 JavaThread "Reference Handler" daemon [_thread_blocked, id=9728, stack(0x0000003f99500000,0x0000003f99600000)]
  0x000001d17fa40000 JavaThread "Finalizer" daemon [_thread_blocked, id=6012, stack(0x0000003f99600000,0x0000003f99700000)]
  0x000001d17fa70000 JavaThread "Signal Dispatcher" daemon [_thread_blocked, id=9792, stack(0x0000003f99700000,0x0000003f99800000)]
  0x000001d17fa72800 JavaThread "Attach Listener" daemon [_thread_blocked, id=16980, stack(0x0000003f99800000,0x0000003f99900000)]
  0x000001d17fa74000 JavaThread "Service Thread" daemon [_thread_blocked, id=18084, stack(0x0000003f99900000,0x0000003f99a00000)]
  0x000001d17fa7b000 JavaThread "C2 CompilerThread0" daemon [_thread_in_native, id=18120, stack(0x0000003f99a00000,0x0000003f99b00000)]
  0x000001d17fa7c800 JavaThread "C1 CompilerThread0" daemon [_thread_in_native, id=13404, stack(0x0000003f99b00000,0x0000003f99c00000)]
  0x000001d17fa8a800 JavaThread "Sweeper thread" daemon [_thread_blocked, id=15948, stack(0x0000003f99c00000,0x0000003f99d00000)]
  0x000001d17fcd2000 JavaThread "Common-Cleaner" daemon [_thread_blocked, id=13080, stack(0x0000003f99d00000,0x0000003f99e00000)]
  0x000001d10894b000 JavaThread "Daemon health stats" [_thread_blocked, id=16572, stack(0x0000003f9a200000,0x0000003f9a300000)]
  0x000001d109acf800 JavaThread "Incoming local TCP Connector on port 51870" [_thread_in_native, id=1072, stack(0x0000003f99f00000,0x0000003f9a000000)]
  0x000001d1099d0800 JavaThread "Daemon periodic checks" [_thread_blocked, id=17432, stack(0x0000003f9a300000,0x0000003f9a400000)]
  0x000001d108627000 JavaThread "Daemon" [_thread_blocked, id=13004, stack(0x0000003f9a400000,0x0000003f9a500000)]
  0x000001d109b0f000 JavaThread "Handler for socket connection from /127.0.0.1:51870 to /127.0.0.1:51871" [_thread_in_native, id=3432, stack(0x0000003f9a500000,0x0000003f9a600000)]
  0x000001d1084d1800 JavaThread "Cancel handler" [_thread_blocked, id=17224, stack(0x0000003f9a600000,0x0000003f9a700000)]
  0x000001d108edc800 JavaThread "Daemon worker" [_thread_blocked, id=13640, stack(0x0000003f9a700000,0x0000003f9a800000)]
  0x000001d106ac4800 JavaThread "Asynchronous log dispatcher for DefaultDaemonConnection: socket connection from /127.0.0.1:51870 to /127.0.0.1:51871" [_thread_blocked, id=5784, stack(0x0000003f9a800000,0x0000003f9a900000)]
  0x000001d10939e000 JavaThread "Stdin handler" [_thread_blocked, id=8880, stack(0x0000003f9a900000,0x0000003f9aa00000)]
  0x000001d107a2a800 JavaThread "Daemon client event forwarder" [_thread_blocked, id=12628, stack(0x0000003f9aa00000,0x0000003f9ab00000)]
  0x000001d107a2b000 JavaThread "Cache worker for file hash cache (C:\Users\KDH\.gradle\caches\7.0.2\fileHashes)" [_thread_blocked, id=12080, stack(0x0000003f9ac00000,0x0000003f9ad00000)]
  0x000001d107a29800 JavaThread "File lock request listener" [_thread_in_native, id=13828, stack(0x0000003f9ad00000,0x0000003f9ae00000)]
  0x000001d107a2c000 JavaThread "Cache worker for journal cache (C:\Users\KDH\.gradle\caches\journal-1)" [_thread_blocked, id=11000, stack(0x0000003f9ae00000,0x0000003f9af00000)]
  0x000001d106aa4800 JavaThread "Cache worker for file hash cache (C:\Fitness-Alarm\.gradle\7.0.2\fileHashes)" [_thread_blocked, id=17912, stack(0x0000003f9b000000,0x0000003f9b100000)]
  0x000001d106aa1800 JavaThread "File watcher server" daemon [_thread_in_native, id=15432, stack(0x0000003f9b100000,0x0000003f9b200000)]
  0x000001d106aa3000 JavaThread "File watcher consumer" daemon [_thread_blocked, id=13436, stack(0x0000003f9b200000,0x0000003f9b300000)]
  0x000001d106a9f800 JavaThread "Cache worker for checksums cache (C:\Fitness-Alarm\.gradle\checksums)" [_thread_blocked, id=17344, stack(0x0000003f9b300000,0x0000003f9b400000)]
  0x000001d106aa2000 JavaThread "Cache worker for cache directory md-supplier (C:\Users\KDH\.gradle\caches\7.0.2\md-supplier)" [_thread_blocked, id=4152, stack(0x0000003f9b400000,0x0000003f9b500000)]
  0x000001d106aa3800 JavaThread "Cache worker for cache directory md-rule (C:\Users\KDH\.gradle\caches\7.0.2\md-rule)" [_thread_blocked, id=14124, stack(0x0000003f9b500000,0x0000003f9b600000)]
  0x000001d106aa0800 JavaThread "Cache worker for execution history cache (C:\Users\KDH\.gradle\caches\7.0.2\executionHistory)" [_thread_blocked, id=17504, stack(0x0000003f9b600000,0x0000003f9b700000)]
  0x000001d106aa6000 JavaThread "jar transforms" [_thread_blocked, id=18320, stack(0x0000003f9b700000,0x0000003f9b800000)]
  0x000001d10929e000 JavaThread "jar transforms Thread 2" [_thread_blocked, id=17592, stack(0x0000003f9b800000,0x0000003f9b900000)]
  0x000001d1092a0800 JavaThread "Cache worker for file content cache (C:\Users\KDH\.gradle\caches\7.0.2\fileContent)" [_thread_blocked, id=5104, stack(0x0000003f9b900000,0x0000003f9ba00000)]
  0x000001d1092a4800 JavaThread "Cache worker for dependencies-accessors (C:\Fitness-Alarm\.gradle\7.0.2\dependencies-accessors)" [_thread_blocked, id=16176, stack(0x0000003f9ba00000,0x0000003f9bb00000)]
  0x000001d1092a2000 JavaThread "jar transforms Thread 3" [_thread_blocked, id=14368, stack(0x0000003f9bb00000,0x0000003f9bc00000)]
  0x000001d10929f800 JavaThread "Cache worker for Build Output Cleanup Cache (C:\Fitness-Alarm\.gradle\buildOutputCleanup)" [_thread_blocked, id=17560, stack(0x0000003f9bc00000,0x0000003f9bd00000)]
  0x000001d1092a7000 JavaThread "Build operations" [_thread_in_Java, id=11696, stack(0x0000003f9af00000,0x0000003f9b000000)]
  0x000001d1092a5800 JavaThread "Build operations Thread 2" [_thread_in_Java, id=14348, stack(0x0000003f9bd00000,0x0000003f9be00000)]
  0x000001d1092a8000 JavaThread "Build operations Thread 3" [_thread_blocked, id=14268, stack(0x0000003f9be00000,0x0000003f9bf00000)]
  0x000001d1092a3800 JavaThread "Build operations Thread 4" [_thread_blocked, id=15496, stack(0x0000003f9bf00000,0x0000003f9c000000)]
  0x000001d1092a6000 JavaThread "jar transforms Thread 4" [_thread_blocked, id=16896, stack(0x0000003f9c000000,0x0000003f9c100000)]
  0x000001d1092a8800 JavaThread "Memory manager" [_thread_blocked, id=6328, stack(0x0000003f9c200000,0x0000003f9c300000)]
  0x000001d1092a3000 JavaThread "build event listener" [_thread_blocked, id=16916, stack(0x0000003f9c300000,0x0000003f9c400000)]
  0x000001d1092aa800 JavaThread "build event listener" [_thread_blocked, id=18260, stack(0x0000003f98c00000,0x0000003f98d00000)]
  0x000001d1092ab000 JavaThread "Execution worker for ':'" [_thread_blocked, id=17180, stack(0x0000003f9c400000,0x0000003f9c500000)]
  0x000001d1092ac000 JavaThread "Execution worker for ':' Thread 2" [_thread_in_native, id=15068, stack(0x0000003f9c500000,0x0000003f9c600000)]
  0x000001d1092ac800 JavaThread "Execution worker for ':' Thread 3" [_thread_blocked, id=1780, stack(0x0000003f9c600000,0x0000003f9c700000)]
  0x000001d106da1000 JavaThread "Cache worker for execution history cache (C:\Fitness-Alarm\.gradle\7.0.2\executionHistory)" [_thread_blocked, id=11440, stack(0x0000003f9c700000,0x0000003f9c800000)]
  0x000001d106d9f800 JavaThread "WorkerExecutor Queue" [_thread_blocked, id=10360, stack(0x0000003f9ca00000,0x0000003f9cb00000)]
  0x000001d106da3000 JavaThread "WorkerExecutor Queue Thread 2" [_thread_blocked, id=2224, stack(0x0000003f9cb00000,0x0000003f9cc00000)]
  0x000001d106da0800 JavaThread "WorkerExecutor Queue Thread 3" [_thread_blocked, id=2252, stack(0x0000003f9cc00000,0x0000003f9cd00000)]
  0x000001d106d9e000 JavaThread "WorkerExecutor Queue Thread 4" [_thread_blocked, id=10840, stack(0x0000003f9cd00000,0x0000003f9ce00000)]
  0x000001d106d9f000 JavaThread "pool-3-thread-1" [_thread_blocked, id=2068, stack(0x0000003f9ce00000,0x0000003f9cf00000)]
  0x000001d106da2000 JavaThread "stderr" [_thread_in_native, id=17324, stack(0x0000003f9cf00000,0x0000003f9d000000)]
  0x000001d106d9d000 JavaThread "stdout" [_thread_in_native, id=2064, stack(0x0000003f9d000000,0x0000003f9d100000)]
  0x000001d106da5800 JavaThread "stderr" [_thread_in_native, id=17880, stack(0x0000003f9d100000,0x0000003f9d200000)]
  0x000001d106da8800 JavaThread "stdout" [_thread_in_native, id=16424, stack(0x0000003f9d200000,0x0000003f9d300000)]
  0x000001d106da4800 JavaThread "stderr" [_thread_in_native, id=17524, stack(0x0000003f9d300000,0x0000003f9d400000)]
  0x000001d106da3800 JavaThread "stdout" [_thread_in_native, id=12756, stack(0x0000003f9d400000,0x0000003f9d500000)]
=>0x000001d10da86800 JavaThread "C2 CompilerThread1" daemon [_thread_in_native, id=13768, stack(0x0000003f9c100000,0x0000003f9c200000)]

Other Threads:
  0x000001d17fa35800 VMThread "VM Thread" [stack: 0x0000003f99400000,0x0000003f99500000] [id=17360]
  0x000001d17fce5800 WatcherThread [stack: 0x0000003f99e00000,0x0000003f99f00000] [id=15416]
  0x000001d169dfd800 GCTaskThread "GC Thread#0" [stack: 0x0000003f98f00000,0x0000003f99000000] [id=16876]
  0x000001d106f00000 GCTaskThread "GC Thread#1" [stack: 0x0000003f9a000000,0x0000003f9a100000] [id=14588]
  0x000001d17fe8a000 GCTaskThread "GC Thread#2" [stack: 0x0000003f9a100000,0x0000003f9a200000] [id=9376]
  0x000001d1084d2800 GCTaskThread "GC Thread#3" [stack: 0x0000003f9ab00000,0x0000003f9ac00000] [id=13664]
  0x000001d169f3a000 ConcurrentGCThread "G1 Main Marker" [stack: 0x0000003f99000000,0x0000003f99100000] [id=4692]
  0x000001d169f3b000 ConcurrentGCThread "G1 Conc#0" [stack: 0x0000003f99100000,0x0000003f99200000] [id=10244]
  0x000001d169fc6000 ConcurrentGCThread "G1 Refine#0" [stack: 0x0000003f99200000,0x0000003f99300000] [id=15500]
  0x000001d169fc7000 ConcurrentGCThread "G1 Young RemSet Sampling" [stack: 0x0000003f99300000,0x0000003f99400000] [id=8332]

Threads with active compile tasks:
C2 CompilerThread0  53194 16035       4       java.util.zip.ZipFile::getZipEntry (325 bytes)
C2 CompilerThread1  53194 15943       4       sun.invoke.util.VerifyAccess::isClassAccessible (182 bytes)

VM state:not at safepoint (normal execution)

VM Mutex/Monitor currently owned by a thread: None

Heap address: 0x0000000080000000, size: 2048 MB, Compressed Oops mode: 32-bit
Narrow klass base: 0x0000000000000000, Narrow klass shift: 3
Compressed class space size: 1073741824 Address: 0x0000000100000000

Heap:
 garbage-first heap   total 187392K, used 137757K [0x0000000080000000, 0x0000000100000000)
  region size 1024K, 52 young (53248K), 7 survivors (7168K)
 Metaspace       used 116099K, capacity 118979K, committed 119116K, reserved 1153024K
  class space    used 14757K, capacity 15872K, committed 15948K, reserved 1048576K
Heap Regions: E=young(eden), S=young(survivor), O=old, HS=humongous(starts), HC=humongous(continues), CS=collection set, F=free, A=archive, TAMS=top-at-mark-start (previous, next)
|   0|0x0000000080000000, 0x0000000080100000, 0x0000000080100000|100%| O|  |TAMS 0x0000000080100000, 0x0000000080000000| Untracked 
|   1|0x0000000080100000, 0x0000000080200000, 0x0000000080200000|100%| O|  |TAMS 0x0000000080200000, 0x0000000080100000| Untracked 
|   2|0x0000000080200000, 0x0000000080300000, 0x0000000080300000|100%| O|  |TAMS 0x0000000080300000, 0x0000000080200000| Untracked 
|   3|0x0000000080300000, 0x0000000080400000, 0x0000000080400000|100%|HS|  |TAMS 0x0000000080400000, 0x0000000080300000| Complete 
|   4|0x0000000080400000, 0x0000000080500000, 0x0000000080500000|100%|HC|  |TAMS 0x0000000080500000, 0x0000000080400000| Complete 
|   5|0x0000000080500000, 0x0000000080600000, 0x0000000080600000|100%|HC|  |TAMS 0x0000000080600000, 0x0000000080500000| Complete 
|   6|0x0000000080600000, 0x0000000080700000, 0x0000000080700000|100%| O|  |TAMS 0x0000000080700000, 0x0000000080600000| Untracked 
|   7|0x0000000080700000, 0x0000000080800000, 0x0000000080800000|100%| O|  |TAMS 0x0000000080800000, 0x0000000080700000| Untracked 
|   8|0x0000000080800000, 0x0000000080900000, 0x0000000080900000|100%| O|  |TAMS 0x0000000080900000, 0x0000000080800000| Untracked 
|   9|0x0000000080900000, 0x0000000080a00000, 0x0000000080a00000|100%| O|  |TAMS 0x0000000080a00000, 0x0000000080900000| Untracked 
|  10|0x0000000080a00000, 0x0000000080b00000, 0x0000000080b00000|100%| O|  |TAMS 0x0000000080b00000, 0x0000000080a00000| Untracked 
|  11|0x0000000080b00000, 0x0000000080c00000, 0x0000000080c00000|100%| O|  |TAMS 0x0000000080c00000, 0x0000000080b00000| Untracked 
|  12|0x0000000080c00000, 0x0000000080d00000, 0x0000000080d00000|100%| O|  |TAMS 0x0000000080d00000, 0x0000000080c00000| Untracked 
|  13|0x0000000080d00000, 0x0000000080e00000, 0x0000000080e00000|100%| O|  |TAMS 0x0000000080e00000, 0x0000000080d00000| Untracked 
|  14|0x0000000080e00000, 0x0000000080f00000, 0x0000000080f00000|100%| O|  |TAMS 0x0000000080f00000, 0x0000000080e00000| Untracked 
|  15|0x0000000080f00000, 0x0000000081000000, 0x0000000081000000|100%| O|  |TAMS 0x0000000081000000, 0x0000000080f00000| Untracked 
|  16|0x0000000081000000, 0x0000000081100000, 0x0000000081100000|100%| O|  |TAMS 0x0000000081100000, 0x0000000081000000| Untracked 
|  17|0x0000000081100000, 0x0000000081200000, 0x0000000081200000|100%| O|  |TAMS 0x0000000081200000, 0x0000000081100000| Untracked 
|  18|0x0000000081200000, 0x0000000081300000, 0x0000000081300000|100%| O|  |TAMS 0x0000000081300000, 0x0000000081200000| Untracked 
|  19|0x0000000081300000, 0x0000000081400000, 0x0000000081400000|100%| O|  |TAMS 0x0000000081400000, 0x0000000081300000| Untracked 
|  20|0x0000000081400000, 0x0000000081500000, 0x0000000081500000|100%| O|  |TAMS 0x0000000081500000, 0x0000000081400000| Untracked 
|  21|0x0000000081500000, 0x0000000081600000, 0x0000000081600000|100%| O|  |TAMS 0x0000000081600000, 0x0000000081500000| Untracked 
|  22|0x0000000081600000, 0x0000000081700000, 0x0000000081700000|100%| O|  |TAMS 0x0000000081700000, 0x0000000081600000| Untracked 
|  23|0x0000000081700000, 0x0000000081800000, 0x0000000081800000|100%| O|  |TAMS 0x0000000081800000, 0x0000000081700000| Untracked 
|  24|0x0000000081800000, 0x0000000081900000, 0x0000000081900000|100%| O|  |TAMS 0x0000000081900000, 0x0000000081800000| Untracked 
|  25|0x0000000081900000, 0x0000000081a00000, 0x0000000081a00000|100%| O|  |TAMS 0x0000000081a00000, 0x0000000081900000| Untracked 
|  26|0x0000000081a00000, 0x0000000081b00000, 0x0000000081b00000|100%| O|  |TAMS 0x0000000081b00000, 0x0000000081a00000| Untracked 
|  27|0x0000000081b00000, 0x0000000081c00000, 0x0000000081c00000|100%|HS|  |TAMS 0x0000000081c00000, 0x0000000081b00000| Complete 
|  28|0x0000000081c00000, 0x0000000081d00000, 0x0000000081d00000|100%|HS|  |TAMS 0x0000000081d00000, 0x0000000081c00000| Complete 
|  29|0x0000000081d00000, 0x0000000081e00000, 0x0000000081e00000|100%|HS|  |TAMS 0x0000000081e00000, 0x0000000081d00000| Complete 
|  30|0x0000000081e00000, 0x0000000081f00000, 0x0000000081f00000|100%|HS|  |TAMS 0x0000000081f00000, 0x0000000081e00000| Complete 
|  31|0x0000000081f00000, 0x0000000082000000, 0x0000000082000000|100%|HC|  |TAMS 0x0000000082000000, 0x0000000081f00000| Complete 
|  32|0x0000000082000000, 0x0000000082100000, 0x0000000082100000|100%|HC|  |TAMS 0x0000000082100000, 0x0000000082000000| Complete 
|  33|0x0000000082100000, 0x0000000082200000, 0x0000000082200000|100%|HS|  |TAMS 0x0000000082200000, 0x0000000082100000| Complete 
|  34|0x0000000082200000, 0x0000000082300000, 0x0000000082300000|100%|HC|  |TAMS 0x0000000082300000, 0x0000000082200000| Complete 
|  35|0x0000000082300000, 0x0000000082400000, 0x0000000082400000|100%| O|  |TAMS 0x0000000082400000, 0x0000000082300000| Untracked 
|  36|0x0000000082400000, 0x0000000082500000, 0x0000000082500000|100%| O|  |TAMS 0x0000000082500000, 0x0000000082400000| Untracked 
|  37|0x0000000082500000, 0x0000000082600000, 0x0000000082600000|100%| O|  |TAMS 0x0000000082600000, 0x0000000082500000| Untracked 
|  38|0x0000000082600000, 0x0000000082700000, 0x0000000082700000|100%| O|  |TAMS 0x0000000082700000, 0x0000000082600000| Untracked 
|  39|0x0000000082700000, 0x0000000082800000, 0x0000000082800000|100%| O|  |TAMS 0x0000000082800000, 0x0000000082700000| Untracked 
|  40|0x0000000082800000, 0x0000000082900000, 0x0000000082900000|100%| O|  |TAMS 0x0000000082900000, 0x0000000082800000| Untracked 
|  41|0x0000000082900000, 0x0000000082a00000, 0x0000000082a00000|100%| O|  |TAMS 0x0000000082a00000, 0x0000000082900000| Untracked 
|  42|0x0000000082a00000, 0x0000000082b00000, 0x0000000082b00000|100%| O|  |TAMS 0x0000000082b00000, 0x0000000082a00000| Untracked 
|  43|0x0000000082b00000, 0x0000000082c00000, 0x0000000082c00000|100%| O|  |TAMS 0x0000000082c00000, 0x0000000082b00000| Untracked 
|  44|0x0000000082c00000, 0x0000000082d00000, 0x0000000082d00000|100%| O|  |TAMS 0x0000000082d00000, 0x0000000082c00000| Untracked 
|  45|0x0000000082d00000, 0x0000000082e00000, 0x0000000082e00000|100%| O|  |TAMS 0x0000000082e00000, 0x0000000082d00000| Untracked 
|  46|0x0000000082e00000, 0x0000000082f00000, 0x0000000082f00000|100%| O|  |TAMS 0x0000000082f00000, 0x0000000082e00000| Untracked 
|  47|0x0000000082f00000, 0x0000000083000000, 0x0000000083000000|100%| O|  |TAMS 0x0000000083000000, 0x0000000082f00000| Untracked 
|  48|0x0000000083000000, 0x0000000083100000, 0x0000000083100000|100%| O|  |TAMS 0x0000000083100000, 0x0000000083000000| Untracked 
|  49|0x0000000083100000, 0x0000000083200000, 0x0000000083200000|100%| O|  |TAMS 0x0000000083200000, 0x0000000083100000| Untracked 
|  50|0x0000000083200000, 0x0000000083300000, 0x0000000083300000|100%| O|  |TAMS 0x0000000083300000, 0x0000000083200000| Untracked 
|  51|0x0000000083300000, 0x0000000083400000, 0x0000000083400000|100%| O|  |TAMS 0x0000000083400000, 0x0000000083300000| Untracked 
|  52|0x0000000083400000, 0x0000000083500000, 0x0000000083500000|100%| O|  |TAMS 0x0000000083500000, 0x0000000083400000| Untracked 
|  53|0x0000000083500000, 0x0000000083600000, 0x0000000083600000|100%| O|  |TAMS 0x0000000083600000, 0x0000000083500000| Untracked 
|  54|0x0000000083600000, 0x0000000083700000, 0x0000000083700000|100%| O|  |TAMS 0x0000000083700000, 0x0000000083600000| Untracked 
|  55|0x0000000083700000, 0x0000000083800000, 0x0000000083800000|100%| O|  |TAMS 0x0000000083800000, 0x0000000083700000| Untracked 
|  56|0x0000000083800000, 0x0000000083900000, 0x0000000083900000|100%| O|  |TAMS 0x0000000083900000, 0x0000000083800000| Untracked 
|  57|0x0000000083900000, 0x0000000083a00000, 0x0000000083a00000|100%| O|  |TAMS 0x0000000083a00000, 0x0000000083900000| Untracked 
|  58|0x0000000083a00000, 0x0000000083b00000, 0x0000000083b00000|100%| O|  |TAMS 0x0000000083b00000, 0x0000000083a00000| Untracked 
|  59|0x0000000083b00000, 0x0000000083c00000, 0x0000000083c00000|100%| O|  |TAMS 0x0000000083c00000, 0x0000000083b00000| Untracked 
|  60|0x0000000083c00000, 0x0000000083d00000, 0x0000000083d00000|100%| O|  |TAMS 0x0000000083d00000, 0x0000000083c00000| Untracked 
|  61|0x0000000083d00000, 0x0000000083e00000, 0x0000000083e00000|100%| O|  |TAMS 0x0000000083e00000, 0x0000000083d00000| Untracked 
|  62|0x0000000083e00000, 0x0000000083f00000, 0x0000000083f00000|100%| O|  |TAMS 0x0000000083f00000, 0x0000000083e00000| Untracked 
|  63|0x0000000083f00000, 0x0000000084000000, 0x0000000084000000|100%| O|  |TAMS 0x0000000084000000, 0x0000000083f00000| Untracked 
|  64|0x0000000084000000, 0x0000000084100000, 0x0000000084100000|100%| O|  |TAMS 0x0000000084100000, 0x0000000084000000| Untracked 
|  65|0x0000000084100000, 0x0000000084200000, 0x0000000084200000|100%| O|  |TAMS 0x0000000084200000, 0x0000000084100000| Untracked 
|  66|0x0000000084200000, 0x0000000084300000, 0x0000000084300000|100%| O|  |TAMS 0x0000000084300000, 0x0000000084200000| Untracked 
|  67|0x0000000084300000, 0x0000000084400000, 0x0000000084400000|100%| O|  |TAMS 0x0000000084400000, 0x0000000084300000| Untracked 
|  68|0x0000000084400000, 0x0000000084500000, 0x0000000084500000|100%| O|  |TAMS 0x0000000084500000, 0x0000000084400000| Untracked 
|  69|0x0000000084500000, 0x0000000084600000, 0x0000000084600000|100%| O|  |TAMS 0x0000000084600000, 0x0000000084500000| Untracked 
|  70|0x0000000084600000, 0x0000000084700000, 0x0000000084700000|100%| O|  |TAMS 0x0000000084700000, 0x0000000084600000| Untracked 
|  71|0x0000000084700000, 0x0000000084800000, 0x0000000084800000|100%| O|  |TAMS 0x0000000084800000, 0x0000000084700000| Untracked 
|  72|0x0000000084800000, 0x0000000084900000, 0x0000000084900000|100%| O|  |TAMS 0x0000000084900000, 0x0000000084800000| Untracked 
|  73|0x0000000084900000, 0x0000000084a00000, 0x0000000084a00000|100%| O|  |TAMS 0x0000000084a00000, 0x0000000084900000| Untracked 
|  74|0x0000000084a00000, 0x0000000084a00000, 0x0000000084b00000|  0%| F|  |TAMS 0x0000000084a00000, 0x0000000084a00000| Untracked 
|  75|0x0000000084b00000, 0x0000000084b00000, 0x0000000084c00000|  0%| F|  |TAMS 0x0000000084b00000, 0x0000000084b00000| Untracked 
|  76|0x0000000084c00000, 0x0000000084d00000, 0x0000000084d00000|100%| O|  |TAMS 0x0000000084d00000, 0x0000000084c00000| Untracked 
|  77|0x0000000084d00000, 0x0000000084e00000, 0x0000000084e00000|100%| O|  |TAMS 0x0000000084e00000, 0x0000000084d00000| Untracked 
|  78|0x0000000084e00000, 0x0000000084f00000, 0x0000000084f00000|100%| O|  |TAMS 0x0000000084f00000, 0x0000000084e00000| Untracked 
|  79|0x0000000084f00000, 0x0000000084f00000, 0x0000000085000000|  0%| F|  |TAMS 0x0000000084f00000, 0x0000000084f00000| Untracked 
|  80|0x0000000085000000, 0x0000000085100000, 0x0000000085100000|100%| O|  |TAMS 0x0000000085100000, 0x0000000085000000| Untracked 
|  81|0x0000000085100000, 0x0000000085200000, 0x0000000085200000|100%| O|  |TAMS 0x0000000085200000, 0x0000000085100000| Untracked 
|  82|0x0000000085200000, 0x0000000085300000, 0x0000000085300000|100%| O|  |TAMS 0x0000000085300000, 0x0000000085200000| Untracked 
|  83|0x0000000085300000, 0x0000000085400000, 0x0000000085400000|100%| O|  |TAMS 0x0000000085400000, 0x0000000085300000| Untracked 
|  84|0x0000000085400000, 0x0000000085500000, 0x0000000085500000|100%| O|  |TAMS 0x0000000085500000, 0x0000000085400000| Untracked 
|  85|0x0000000085500000, 0x0000000085600000, 0x0000000085600000|100%| O|  |TAMS 0x0000000085600000, 0x0000000085500000| Untracked 
|  86|0x0000000085600000, 0x000000008563fa00, 0x0000000085700000| 24%| O|  |TAMS 0x000000008563fa00, 0x0000000085600000| Untracked 
|  87|0x0000000085700000, 0x0000000085700000, 0x0000000085800000|  0%| F|  |TAMS 0x0000000085700000, 0x0000000085700000| Untracked 
|  88|0x0000000085800000, 0x0000000085800000, 0x0000000085900000|  0%| F|  |TAMS 0x0000000085800000, 0x0000000085800000| Untracked 
|  89|0x0000000085900000, 0x0000000085900000, 0x0000000085a00000|  0%| F|  |TAMS 0x0000000085900000, 0x0000000085900000| Untracked 
|  90|0x0000000085a00000, 0x0000000085a00000, 0x0000000085b00000|  0%| F|  |TAMS 0x0000000085a00000, 0x0000000085a00000| Untracked 
|  91|0x0000000085b00000, 0x0000000085b00000, 0x0000000085c00000|  0%| F|  |TAMS 0x0000000085b00000, 0x0000000085b00000| Untracked 
|  92|0x0000000085c00000, 0x0000000085c00000, 0x0000000085d00000|  0%| F|  |TAMS 0x0000000085c00000, 0x0000000085c00000| Untracked 
|  93|0x0000000085d00000, 0x0000000085d00000, 0x0000000085e00000|  0%| F|  |TAMS 0x0000000085d00000, 0x0000000085d00000| Untracked 
|  94|0x0000000085e00000, 0x0000000085e00000, 0x0000000085f00000|  0%| F|  |TAMS 0x0000000085e00000, 0x0000000085e00000| Untracked 
|  95|0x0000000085f00000, 0x0000000085f00000, 0x0000000086000000|  0%| F|  |TAMS 0x0000000085f00000, 0x0000000085f00000| Untracked 
|  96|0x0000000086000000, 0x0000000086000000, 0x0000000086100000|  0%| F|  |TAMS 0x0000000086000000, 0x0000000086000000| Untracked 
|  97|0x0000000086100000, 0x0000000086100000, 0x0000000086200000|  0%| F|  |TAMS 0x0000000086100000, 0x0000000086100000| Untracked 
|  98|0x0000000086200000, 0x0000000086200000, 0x0000000086300000|  0%| F|  |TAMS 0x0000000086200000, 0x0000000086200000| Untracked 
|  99|0x0000000086300000, 0x0000000086300000, 0x0000000086400000|  0%| F|  |TAMS 0x0000000086300000, 0x0000000086300000| Untracked 
| 100|0x0000000086400000, 0x0000000086500000, 0x0000000086500000|100%| O|  |TAMS 0x0000000086500000, 0x0000000086400000| Untracked 
| 101|0x0000000086500000, 0x0000000086500000, 0x0000000086600000|  0%| F|  |TAMS 0x0000000086500000, 0x0000000086500000| Untracked 
| 102|0x0000000086600000, 0x0000000086600000, 0x0000000086700000|  0%| F|  |TAMS 0x0000000086600000, 0x0000000086600000| Untracked 
| 103|0x0000000086700000, 0x0000000086700000, 0x0000000086800000|  0%| F|  |TAMS 0x0000000086700000, 0x0000000086700000| Untracked 
| 104|0x0000000086800000, 0x0000000086900000, 0x0000000086900000|100%| O|  |TAMS 0x0000000086900000, 0x0000000086800000| Untracked 
| 105|0x0000000086900000, 0x0000000086900000, 0x0000000086a00000|  0%| F|  |TAMS 0x0000000086900000, 0x0000000086900000| Untracked 
| 106|0x0000000086a00000, 0x0000000086a00000, 0x0000000086b00000|  0%| F|  |TAMS 0x0000000086a00000, 0x0000000086a00000| Untracked 
| 107|0x0000000086b00000, 0x0000000086b00000, 0x0000000086c00000|  0%| F|  |TAMS 0x0000000086b00000, 0x0000000086b00000| Untracked 
| 108|0x0000000086c00000, 0x0000000086c00000, 0x0000000086d00000|  0%| F|  |TAMS 0x0000000086c00000, 0x0000000086c00000| Untracked 
| 109|0x0000000086d00000, 0x0000000086d00000, 0x0000000086e00000|  0%| F|  |TAMS 0x0000000086d00000, 0x0000000086d00000| Untracked 
| 110|0x0000000086e00000, 0x0000000086e00000, 0x0000000086f00000|  0%| F|  |TAMS 0x0000000086e00000, 0x0000000086e00000| Untracked 
| 111|0x0000000086f00000, 0x0000000086f00000, 0x0000000087000000|  0%| F|  |TAMS 0x0000000086f00000, 0x0000000086f00000| Untracked 
| 112|0x0000000087000000, 0x0000000087000000, 0x0000000087100000|  0%| F|  |TAMS 0x0000000087000000, 0x0000000087000000| Untracked 
| 113|0x0000000087100000, 0x0000000087100000, 0x0000000087200000|  0%| F|  |TAMS 0x0000000087100000, 0x0000000087100000| Untracked 
| 114|0x0000000087200000, 0x0000000087200000, 0x0000000087300000|  0%| F|  |TAMS 0x0000000087200000, 0x0000000087200000| Untracked 
| 115|0x0000000087300000, 0x0000000087300000, 0x0000000087400000|  0%| F|  |TAMS 0x0000000087300000, 0x0000000087300000| Untracked 
| 116|0x0000000087400000, 0x0000000087400000, 0x0000000087500000|  0%| F|  |TAMS 0x0000000087400000, 0x0000000087400000| Untracked 
| 117|0x0000000087500000, 0x0000000087500000, 0x0000000087600000|  0%| F|  |TAMS 0x0000000087500000, 0x0000000087500000| Untracked 
| 118|0x0000000087600000, 0x0000000087600000, 0x0000000087700000|  0%| F|  |TAMS 0x0000000087600000, 0x0000000087600000| Untracked 
| 119|0x0000000087700000, 0x0000000087700000, 0x0000000087800000|  0%| F|  |TAMS 0x0000000087700000, 0x0000000087700000| Untracked 
| 120|0x0000000087800000, 0x0000000087847d80, 0x0000000087900000| 28%| S|CS|TAMS 0x0000000087800000, 0x0000000087800000| Complete 
| 121|0x0000000087900000, 0x0000000087a00000, 0x0000000087a00000|100%| S|CS|TAMS 0x0000000087900000, 0x0000000087900000| Complete 
| 122|0x0000000087a00000, 0x0000000087b00000, 0x0000000087b00000|100%| S|CS|TAMS 0x0000000087a00000, 0x0000000087a00000| Complete 
| 123|0x0000000087b00000, 0x0000000087c00000, 0x0000000087c00000|100%| S|CS|TAMS 0x0000000087b00000, 0x0000000087b00000| Complete 
| 124|0x0000000087c00000, 0x0000000087d00000, 0x0000000087d00000|100%| S|CS|TAMS 0x0000000087c00000, 0x0000000087c00000| Complete 
| 125|0x0000000087d00000, 0x0000000087e00000, 0x0000000087e00000|100%| S|CS|TAMS 0x0000000087d00000, 0x0000000087d00000| Complete 
| 126|0x0000000087e00000, 0x0000000087f00000, 0x0000000087f00000|100%| S|CS|TAMS 0x0000000087e00000, 0x0000000087e00000| Complete 
| 127|0x0000000087f00000, 0x0000000087f00000, 0x0000000088000000|  0%| F|  |TAMS 0x0000000087f00000, 0x0000000087f00000| Untracked 
| 128|0x0000000088000000, 0x0000000088000000, 0x0000000088100000|  0%| F|  |TAMS 0x0000000088000000, 0x0000000088000000| Untracked 
| 129|0x0000000088100000, 0x0000000088100000, 0x0000000088200000|  0%| F|  |TAMS 0x0000000088100000, 0x0000000088100000| Untracked 
| 130|0x0000000088200000, 0x0000000088200000, 0x0000000088300000|  0%| F|  |TAMS 0x0000000088200000, 0x0000000088200000| Untracked 
| 131|0x0000000088300000, 0x0000000088300000, 0x0000000088400000|  0%| F|  |TAMS 0x0000000088300000, 0x0000000088300000| Untracked 
| 132|0x0000000088400000, 0x0000000088400000, 0x0000000088500000|  0%| F|  |TAMS 0x0000000088400000, 0x0000000088400000| Untracked 
| 133|0x0000000088500000, 0x0000000088500000, 0x0000000088600000|  0%| F|  |TAMS 0x0000000088500000, 0x0000000088500000| Untracked 
| 134|0x0000000088600000, 0x0000000088600000, 0x0000000088700000|  0%| F|  |TAMS 0x0000000088600000, 0x0000000088600000| Untracked 
| 135|0x0000000088700000, 0x0000000088700000, 0x0000000088800000|  0%| F|  |TAMS 0x0000000088700000, 0x0000000088700000| Untracked 
| 136|0x0000000088800000, 0x0000000088800000, 0x0000000088900000|  0%| F|  |TAMS 0x0000000088800000, 0x0000000088800000| Untracked 
| 137|0x0000000088900000, 0x0000000088900000, 0x0000000088a00000|  0%| F|  |TAMS 0x0000000088900000, 0x0000000088900000| Untracked 
| 138|0x0000000088a00000, 0x0000000088a71d70, 0x0000000088b00000| 44%| E|  |TAMS 0x0000000088a00000, 0x0000000088a00000| Complete 
| 139|0x0000000088b00000, 0x0000000088c00000, 0x0000000088c00000|100%| E|CS|TAMS 0x0000000088b00000, 0x0000000088b00000| Complete 
| 140|0x0000000088c00000, 0x0000000088d00000, 0x0000000088d00000|100%| E|CS|TAMS 0x0000000088c00000, 0x0000000088c00000| Complete 
| 141|0x0000000088d00000, 0x0000000088e00000, 0x0000000088e00000|100%| E|CS|TAMS 0x0000000088d00000, 0x0000000088d00000| Complete 
| 142|0x0000000088e00000, 0x0000000088f00000, 0x0000000088f00000|100%| E|CS|TAMS 0x0000000088e00000, 0x0000000088e00000| Complete 
| 143|0x0000000088f00000, 0x0000000089000000, 0x0000000089000000|100%| E|CS|TAMS 0x0000000088f00000, 0x0000000088f00000| Complete 
| 144|0x0000000089000000, 0x0000000089100000, 0x0000000089100000|100%| E|CS|TAMS 0x0000000089000000, 0x0000000089000000| Complete 
| 145|0x0000000089100000, 0x0000000089200000, 0x0000000089200000|100%| E|CS|TAMS 0x0000000089100000, 0x0000000089100000| Complete 
| 146|0x0000000089200000, 0x0000000089300000, 0x0000000089300000|100%| E|CS|TAMS 0x0000000089200000, 0x0000000089200000| Complete 
| 147|0x0000000089300000, 0x0000000089400000, 0x0000000089400000|100%| E|CS|TAMS 0x0000000089300000, 0x0000000089300000| Complete 
| 148|0x0000000089400000, 0x0000000089500000, 0x0000000089500000|100%| E|CS|TAMS 0x0000000089400000, 0x0000000089400000| Complete 
| 149|0x0000000089500000, 0x0000000089600000, 0x0000000089600000|100%| E|CS|TAMS 0x0000000089500000, 0x0000000089500000| Complete 
| 150|0x0000000089600000, 0x0000000089700000, 0x0000000089700000|100%| E|CS|TAMS 0x0000000089600000, 0x0000000089600000| Complete 
| 151|0x0000000089700000, 0x0000000089800000, 0x0000000089800000|100%| E|CS|TAMS 0x0000000089700000, 0x0000000089700000| Complete 
| 152|0x0000000089800000, 0x0000000089900000, 0x0000000089900000|100%| E|CS|TAMS 0x0000000089800000, 0x0000000089800000| Complete 
| 153|0x0000000089900000, 0x0000000089a00000, 0x0000000089a00000|100%| E|CS|TAMS 0x0000000089900000, 0x0000000089900000| Complete 
| 154|0x0000000089a00000, 0x0000000089b00000, 0x0000000089b00000|100%| E|CS|TAMS 0x0000000089a00000, 0x0000000089a00000| Complete 
| 155|0x0000000089b00000, 0x0000000089c00000, 0x0000000089c00000|100%| E|CS|TAMS 0x0000000089b00000, 0x0000000089b00000| Complete 
| 156|0x0000000089c00000, 0x0000000089d00000, 0x0000000089d00000|100%| E|CS|TAMS 0x0000000089c00000, 0x0000000089c00000| Complete 
| 157|0x0000000089d00000, 0x0000000089e00000, 0x0000000089e00000|100%| E|CS|TAMS 0x0000000089d00000, 0x0000000089d00000| Complete 
| 158|0x0000000089e00000, 0x0000000089f00000, 0x0000000089f00000|100%| E|CS|TAMS 0x0000000089e00000, 0x0000000089e00000| Complete 
| 159|0x0000000089f00000, 0x000000008a000000, 0x000000008a000000|100%| E|CS|TAMS 0x0000000089f00000, 0x0000000089f00000| Complete 
| 160|0x000000008a000000, 0x000000008a100000, 0x000000008a100000|100%| E|CS|TAMS 0x000000008a000000, 0x000000008a000000| Complete 
| 161|0x000000008a100000, 0x000000008a200000, 0x000000008a200000|100%| E|CS|TAMS 0x000000008a100000, 0x000000008a100000| Complete 
| 162|0x000000008a200000, 0x000000008a300000, 0x000000008a300000|100%| E|CS|TAMS 0x000000008a200000, 0x000000008a200000| Complete 
| 163|0x000000008a300000, 0x000000008a400000, 0x000000008a400000|100%| E|CS|TAMS 0x000000008a300000, 0x000000008a300000| Complete 
| 164|0x000000008a400000, 0x000000008a500000, 0x000000008a500000|100%| E|CS|TAMS 0x000000008a400000, 0x000000008a400000| Complete 
| 165|0x000000008a500000, 0x000000008a600000, 0x000000008a600000|100%| E|CS|TAMS 0x000000008a500000, 0x000000008a500000| Complete 
| 166|0x000000008a600000, 0x000000008a700000, 0x000000008a700000|100%| E|CS|TAMS 0x000000008a600000, 0x000000008a600000| Complete 
| 167|0x000000008a700000, 0x000000008a800000, 0x000000008a800000|100%| E|CS|TAMS 0x000000008a700000, 0x000000008a700000| Complete 
| 168|0x000000008a800000, 0x000000008a900000, 0x000000008a900000|100%| E|CS|TAMS 0x000000008a800000, 0x000000008a800000| Complete 
| 169|0x000000008a900000, 0x000000008aa00000, 0x000000008aa00000|100%| E|CS|TAMS 0x000000008a900000, 0x000000008a900000| Complete 
| 170|0x000000008aa00000, 0x000000008ab00000, 0x000000008ab00000|100%| E|CS|TAMS 0x000000008aa00000, 0x000000008aa00000| Complete 
| 171|0x000000008ab00000, 0x000000008ac00000, 0x000000008ac00000|100%| E|CS|TAMS 0x000000008ab00000, 0x000000008ab00000| Complete 
| 172|0x000000008ac00000, 0x000000008ad00000, 0x000000008ad00000|100%| E|CS|TAMS 0x000000008ac00000, 0x000000008ac00000| Complete 
| 173|0x000000008ad00000, 0x000000008ae00000, 0x000000008ae00000|100%| E|CS|TAMS 0x000000008ad00000, 0x000000008ad00000| Complete 
| 174|0x000000008ae00000, 0x000000008af00000, 0x000000008af00000|100%| E|CS|TAMS 0x000000008ae00000, 0x000000008ae00000| Complete 
| 175|0x000000008af00000, 0x000000008b000000, 0x000000008b000000|100%| E|CS|TAMS 0x000000008af00000, 0x000000008af00000| Complete 
| 176|0x000000008b000000, 0x000000008b100000, 0x000000008b100000|100%| E|CS|TAMS 0x000000008b000000, 0x000000008b000000| Complete 
| 177|0x000000008b100000, 0x000000008b200000, 0x000000008b200000|100%| E|  |TAMS 0x000000008b100000, 0x000000008b100000| Complete 
| 178|0x000000008b200000, 0x000000008b300000, 0x000000008b300000|100%| E|CS|TAMS 0x000000008b200000, 0x000000008b200000| Complete 
| 179|0x000000008b300000, 0x000000008b400000, 0x000000008b400000|100%| E|CS|TAMS 0x000000008b300000, 0x000000008b300000| Complete 
| 180|0x000000008b400000, 0x000000008b500000, 0x000000008b500000|100%| E|CS|TAMS 0x000000008b400000, 0x000000008b400000| Complete 
| 181|0x000000008b500000, 0x000000008b600000, 0x000000008b600000|100%| E|CS|TAMS 0x000000008b500000, 0x000000008b500000| Complete 
| 182|0x000000008b600000, 0x000000008b700000, 0x000000008b700000|100%| E|CS|TAMS 0x000000008b600000, 0x000000008b600000| Complete 

Card table byte_map: [0x000001d17ec00000,0x000001d17f000000] _byte_map_base: 0x000001d17e800000

Marking Bits (Prev, Next): (CMBitMap*) 0x000001d169f31398, (CMBitMap*) 0x000001d169f313d0
 Prev Bits: [0x000001d100000000, 0x000001d102000000)
 Next Bits: [0x000001d102000000, 0x000001d104000000)

Polling page: 0x000001d169cf0000

Metaspace:

Usage:
  Non-class:    100.76 MB capacity,    98.98 MB ( 98%) used,     1.43 MB (  1%) free+waste,   350.94 KB ( <1%) overhead. 
      Class:     15.50 MB capacity,    14.41 MB ( 93%) used,   954.80 KB (  6%) free+waste,   159.19 KB (  1%) overhead. 
       Both:    116.26 MB capacity,   113.40 MB ( 98%) used,     2.36 MB (  2%) free+waste,   510.13 KB ( <1%) overhead. 

Virtual space:
  Non-class space:      102.00 MB reserved,     101.00 MB (>99%) committed 
      Class space:        1.00 GB reserved,      15.57 MB (  2%) committed 
             Both:        1.10 GB reserved,     116.57 MB ( 10%) committed 

Chunk freelists:
   Non-Class:  58.00 KB
       Class:  0 bytes
        Both:  58.00 KB

MaxMetaspaceSize: 17179869184.00 GB
CompressedClassSpaceSize: 1.00 GB

CodeHeap 'non-profiled nmethods': size=120064Kb used=10508Kb max_used=10508Kb free=109555Kb
 bounds [0x000001d176ca0000, 0x000001d1776f0000, 0x000001d17e1e0000]
CodeHeap 'profiled nmethods': size=120000Kb used=35537Kb max_used=35537Kb free=84463Kb
 bounds [0x000001d16f770000, 0x000001d171a30000, 0x000001d176ca0000]
CodeHeap 'non-nmethods': size=5696Kb used=2341Kb max_used=2398Kb free=3354Kb
 bounds [0x000001d16f1e0000, 0x000001d16f450000, 0x000001d16f770000]
 total_blobs=16891 nmethods=15931 adapters=870
 compilation: enabled
              stopped_count=0, restarted_count=0
 full_count=0

Compilation events (20 events):
Event: 52.956 Thread 0x000001d17fa7c800 16004       3       com.android.tools.r8.dex.m$$Lambda$1608/0x0000000100f7bc40::accept (12 bytes)
Event: 52.956 Thread 0x000001d17fa7c800 nmethod 16004 0x000001d1719fb510 code [0x000001d1719fb720, 0x000001d1719fbc08]
Event: 52.956 Thread 0x000001d17fa7c800 16005       3       com.android.tools.r8.dex.m::b (16 bytes)
Event: 52.956 Thread 0x000001d17fa7c800 nmethod 16005 0x000001d1719fbe90 code [0x000001d1719fc080, 0x000001d1719fc408]
Event: 52.956 Thread 0x000001d17fa7c800 16006       3       com.android.tools.r8.dex.o::b (10 bytes)
Event: 52.957 Thread 0x000001d17fa7c800 nmethod 16006 0x000001d1719fc610 code [0x000001d1719fc7c0, 0x000001d1719fc8e8]
Event: 52.961 Thread 0x000001d17fa7c800 16007       3       java.util.IdentityHashMap$KeyIterator::next (13 bytes)
Event: 52.961 Thread 0x000001d17fa7c800 nmethod 16007 0x000001d1719fc990 code [0x000001d1719fcb60, 0x000001d1719fcde8]
Event: 52.972 Thread 0x000001d17fa7c800 16008       3       java.nio.file.Path::resolve (21 bytes)
Event: 52.972 Thread 0x000001d17fa7c800 nmethod 16008 0x000001d1719fcf10 code [0x000001d1719fd100, 0x000001d1719fd4e8]
Event: 52.979 Thread 0x000001d17fa7c800 16009       3       java.util.zip.ZipFile$CleanableResource::clean (10 bytes)
Event: 52.979 Thread 0x000001d17fa7c800 nmethod 16009 0x000001d1719fd610 code [0x000001d1719fd7c0, 0x000001d1719fd988]
Event: 52.990 Thread 0x000001d17fa7c800 16011       3       java.nio.charset.CharsetEncoder::flush (49 bytes)
Event: 52.991 Thread 0x000001d17fa7c800 nmethod 16011 0x000001d1719fda90 code [0x000001d1719fdc60, 0x000001d1719fe028]
Event: 53.026 Thread 0x000001d17fa7b000 nmethod 16001 0x000001d1776db910 code [0x000001d1776dbbc0, 0x000001d1776dd1d8]
Event: 53.026 Thread 0x000001d17fa7b000 16012       4       java.util.concurrent.ConcurrentLinkedQueue::add (6 bytes)
Event: 53.039 Thread 0x000001d17fa7b000 nmethod 16012 0x000001d1776dde90 code [0x000001d1776de040, 0x000001d1776de3f8]
Event: 53.039 Thread 0x000001d17fa7b000 16010       4       java.lang.invoke.LambdaForm::prepare (112 bytes)
Event: 53.073 Thread 0x000001d17fa7c800 16013       3       org.gradle.internal.logging.slf4j.BuildOperationAwareLogger::debug (19 bytes)
Event: 53.074 Thread 0x000001d17fa7c800 nmethod 16013 0x000001d1719fe190 code [0x000001d1719fe380, 0x000001d1719fe9d8]

GC Heap History (20 events):
Event: 41.156 GC heap before
{Heap before GC invocations=38 (full 0):
 garbage-first heap   total 187392K, used 107436K [0x0000000080000000, 0x0000000100000000)
  region size 1024K, 6 young (6144K), 2 survivors (2048K)
 Metaspace       used 93674K, capacity 95808K, committed 96076K, reserved 1132544K
  class space    used 12021K, capacity 12844K, committed 12876K, reserved 1048576K
}
Event: 41.163 GC heap after
{Heap after GC invocations=39 (full 0):
 garbage-first heap   total 187392K, used 107104K [0x0000000080000000, 0x0000000100000000)
  region size 1024K, 5 young (5120K), 5 survivors (5120K)
 Metaspace       used 93674K, capacity 95808K, committed 96076K, reserved 1132544K
  class space    used 12021K, capacity 12844K, committed 12876K, reserved 1048576K
}
Event: 42.442 GC heap before
{Heap before GC invocations=40 (full 0):
 garbage-first heap   total 187392K, used 153184K [0x0000000080000000, 0x0000000100000000)
  region size 1024K, 36 young (36864K), 5 survivors (5120K)
 Metaspace       used 95913K, capacity 98130K, committed 98380K, reserved 1134592K
  class space    used 12188K, capacity 12997K, committed 13132K, reserved 1048576K
}
Event: 42.449 GC heap after
{Heap after GC invocations=41 (full 0):
 garbage-first heap   total 187392K, used 107090K [0x0000000080000000, 0x0000000100000000)
  region size 1024K, 4 young (4096K), 4 survivors (4096K)
 Metaspace       used 95913K, capacity 98130K, committed 98380K, reserved 1134592K
  class space    used 12188K, capacity 12997K, committed 13132K, reserved 1048576K
}
Event: 43.077 GC heap before
{Heap before GC invocations=41 (full 0):
 garbage-first heap   total 187392K, used 140882K [0x0000000080000000, 0x0000000100000000)
  region size 1024K, 38 young (38912K), 4 survivors (4096K)
 Metaspace       used 98372K, capacity 100571K, committed 100812K, reserved 1136640K
  class space    used 12383K, capacity 13189K, committed 13260K, reserved 1048576K
}
Event: 43.101 GC heap after
{Heap after GC invocations=42 (full 0):
 garbage-first heap   total 187392K, used 113059K [0x0000000080000000, 0x0000000100000000)
  region size 1024K, 5 young (5120K), 5 survivors (5120K)
 Metaspace       used 98372K, capacity 100571K, committed 100812K, reserved 1136640K
  class space    used 12383K, capacity 13189K, committed 13260K, reserved 1048576K
}
Event: 43.896 GC heap before
{Heap before GC invocations=43 (full 0):
 garbage-first heap   total 187392K, used 134563K [0x0000000080000000, 0x0000000100000000)
  region size 1024K, 36 young (36864K), 5 survivors (5120K)
 Metaspace       used 98441K, capacity 100699K, committed 100812K, reserved 1136640K
  class space    used 12383K, capacity 13189K, committed 13260K, reserved 1048576K
}
Event: 43.903 GC heap after
{Heap after GC invocations=44 (full 0):
 garbage-first heap   total 187392K, used 102040K [0x0000000080000000, 0x0000000100000000)
  region size 1024K, 1 young (1024K), 1 survivors (1024K)
 Metaspace       used 98441K, capacity 100699K, committed 100812K, reserved 1136640K
  class space    used 12383K, capacity 13189K, committed 13260K, reserved 1048576K
}
Event: 44.037 GC heap before
{Heap before GC invocations=44 (full 0):
 garbage-first heap   total 187392K, used 110232K [0x0000000080000000, 0x0000000100000000)
  region size 1024K, 9 young (9216K), 1 survivors (1024K)
 Metaspace       used 98504K, capacity 100699K, committed 100812K, reserved 1136640K
  class space    used 12383K, capacity 13189K, committed 13260K, reserved 1048576K
}
Event: 44.042 GC heap after
{Heap after GC invocations=45 (full 0):
 garbage-first heap   total 187392K, used 91596K [0x0000000080000000, 0x0000000100000000)
  region size 1024K, 1 young (1024K), 1 survivors (1024K)
 Metaspace       used 98504K, capacity 100699K, committed 100812K, reserved 1136640K
  class space    used 12383K, capacity 13189K, committed 13260K, reserved 1048576K
}
Event: 45.998 GC heap before
{Heap before GC invocations=45 (full 0):
 garbage-first heap   total 187392K, used 136652K [0x0000000080000000, 0x0000000100000000)
  region size 1024K, 45 young (46080K), 1 survivors (1024K)
 Metaspace       used 100958K, capacity 103246K, committed 103372K, reserved 1138688K
  class space    used 12641K, capacity 13477K, committed 13516K, reserved 1048576K
}
Event: 46.003 GC heap after
{Heap after GC invocations=46 (full 0):
 garbage-first heap   total 187392K, used 92684K [0x0000000080000000, 0x0000000100000000)
  region size 1024K, 2 young (2048K), 2 survivors (2048K)
 Metaspace       used 100958K, capacity 103246K, committed 103372K, reserved 1138688K
  class space    used 12641K, capacity 13477K, committed 13516K, reserved 1048576K
}
Event: 46.901 GC heap before
{Heap before GC invocations=47 (full 0):
 garbage-first heap   total 187392K, used 139788K [0x0000000080000000, 0x0000000100000000)
  region size 1024K, 49 young (50176K), 2 survivors (2048K)
 Metaspace       used 103789K, capacity 106039K, committed 106316K, reserved 1142784K
  class space    used 12994K, capacity 13828K, committed 13900K, reserved 1048576K
}
Event: 46.913 GC heap after
{Heap after GC invocations=48 (full 0):
 garbage-first heap   total 187392K, used 94719K [0x0000000080000000, 0x0000000100000000)
  region size 1024K, 4 young (4096K), 4 survivors (4096K)
 Metaspace       used 103789K, capacity 106039K, committed 106316K, reserved 1142784K
  class space    used 12994K, capacity 13828K, committed 13900K, reserved 1048576K
}
Event: 47.151 GC heap before
{Heap before GC invocations=48 (full 0):
 garbage-first heap   total 187392K, used 99839K [0x0000000080000000, 0x0000000100000000)
  region size 1024K, 9 young (9216K), 4 survivors (4096K)
 Metaspace       used 103917K, capacity 106180K, committed 106316K, reserved 1142784K
  class space    used 13000K, capacity 13830K, committed 13900K, reserved 1048576K
}
Event: 47.162 GC heap after
{Heap after GC invocations=49 (full 0):
 garbage-first heap   total 187392K, used 88318K [0x0000000080000000, 0x0000000100000000)
  region size 1024K, 1 young (1024K), 1 survivors (1024K)
 Metaspace       used 103917K, capacity 106180K, committed 106316K, reserved 1142784K
  class space    used 13000K, capacity 13830K, committed 13900K, reserved 1048576K
}
Event: 49.146 GC heap before
{Heap before GC invocations=49 (full 0):
 garbage-first heap   total 187392K, used 139518K [0x0000000080000000, 0x0000000100000000)
  region size 1024K, 52 young (53248K), 1 survivors (1024K)
 Metaspace       used 104617K, capacity 106936K, committed 107084K, reserved 1142784K
  class space    used 13047K, capacity 13882K, committed 13900K, reserved 1048576K
}
Event: 49.155 GC heap after
{Heap after GC invocations=50 (full 0):
 garbage-first heap   total 187392K, used 90918K [0x0000000080000000, 0x0000000100000000)
  region size 1024K, 4 young (4096K), 4 survivors (4096K)
 Metaspace       used 104617K, capacity 106936K, committed 107084K, reserved 1142784K
  class space    used 13047K, capacity 13882K, committed 13900K, reserved 1048576K
}
Event: 51.719 GC heap before
{Heap before GC invocations=51 (full 0):
 garbage-first heap   total 187392K, used 143142K [0x0000000080000000, 0x0000000100000000)
  region size 1024K, 56 young (57344K), 4 survivors (4096K)
 Metaspace       used 109100K, capacity 111554K, committed 111820K, reserved 1146880K
  class space    used 13640K, capacity 14528K, committed 14540K, reserved 1048576K
}
Event: 51.732 GC heap after
{Heap after GC invocations=52 (full 0):
 garbage-first heap   total 187392K, used 93725K [0x0000000080000000, 0x0000000100000000)
  region size 1024K, 7 young (7168K), 7 survivors (7168K)
 Metaspace       used 109100K, capacity 111554K, committed 111820K, reserved 1146880K
  class space    used 13640K, capacity 14528K, committed 14540K, reserved 1048576K
}

Deoptimization events (20 events):
Event: 52.843 Thread 0x000001d1092a7000 Uncommon trap: trap_request=0xffffff4d fr.pc=0x000001d1776b9318 relative=0x0000000000000258
Event: 52.843 Thread 0x000001d1092a7000 Uncommon trap: reason=unstable_if action=reinterpret pc=0x000001d1776b9318 method=com.android.tools.r8.graph.c0.a(Lcom/android/tools/r8/graph/c0;)I @ 39 c2
Event: 52.843 Thread 0x000001d1092a7000 DEOPT PACKING pc=0x000001d1776b9318 sp=0x0000003f9affa5d0
Event: 52.843 Thread 0x000001d1092a7000 DEOPT UNPACKING pc=0x000001d16f2078af sp=0x0000003f9affa560 mode 2
Event: 52.918 Thread 0x000001d1092ac000 Uncommon trap: trap_request=0xffffffdc fr.pc=0x000001d17761ea10 relative=0x00000000000002d0
Event: 52.918 Thread 0x000001d1092ac000 Uncommon trap: reason=class_check action=make_not_entrant pc=0x000001d17761ea10 method=java.util.ArrayList$SubList.toArray([Ljava/lang/Object;)[Ljava/lang/Object; @ 37 c2
Event: 52.918 Thread 0x000001d1092ac000 DEOPT PACKING pc=0x000001d17761ea10 sp=0x0000003f9c5f73e0
Event: 52.918 Thread 0x000001d1092ac000 DEOPT UNPACKING pc=0x000001d16f2078af sp=0x0000003f9c5f73a8 mode 2
Event: 53.035 Thread 0x000001d1092a7000 DEOPT PACKING pc=0x000001d1717909ec sp=0x0000003f9affce60
Event: 53.035 Thread 0x000001d1092a7000 DEOPT UNPACKING pc=0x000001d16f2076ce sp=0x0000003f9affc348 mode 0
Event: 53.035 Thread 0x000001d1092a7000 DEOPT PACKING pc=0x000001d171793614 sp=0x0000003f9affcf90
Event: 53.035 Thread 0x000001d1092a7000 DEOPT UNPACKING pc=0x000001d16f2076ce sp=0x0000003f9affc440 mode 0
Event: 53.036 Thread 0x000001d1092a7000 DEOPT PACKING pc=0x000001d17163918c sp=0x0000003f9affd610
Event: 53.036 Thread 0x000001d1092a7000 DEOPT UNPACKING pc=0x000001d16f2076ce sp=0x0000003f9affcbc0 mode 0
Event: 53.058 Thread 0x000001d1092a5800 DEOPT PACKING pc=0x000001d1717909ec sp=0x0000003f9bdfc980
Event: 53.058 Thread 0x000001d1092a5800 DEOPT UNPACKING pc=0x000001d16f2076ce sp=0x0000003f9bdfbe68 mode 0
Event: 53.058 Thread 0x000001d1092a5800 DEOPT PACKING pc=0x000001d171793614 sp=0x0000003f9bdfcab0
Event: 53.058 Thread 0x000001d1092a5800 DEOPT UNPACKING pc=0x000001d16f2076ce sp=0x0000003f9bdfbf60 mode 0
Event: 53.058 Thread 0x000001d1092a5800 DEOPT PACKING pc=0x000001d17163918c sp=0x0000003f9bdfd130
Event: 53.058 Thread 0x000001d1092a5800 DEOPT UNPACKING pc=0x000001d16f2076ce sp=0x0000003f9bdfc6e0 mode 0

Classes redefined (0 events):
No events

Internal exceptions (20 events):
Event: 52.132 Thread 0x000001d1092a5800 Exception <a 'java/lang/NoSuchMethodError'{0x000000008a802d98}: 'java.lang.Object java.lang.invoke.Invokers$Holder.linkToTargetMethod(java.lang.Object, java.lang.Object, java.lang.Object, java.lang.Object, java.lang.Object, java.lang.Object, java.lang.Object)'> (0x000000008a802d98) thrown at [./src/hotspot/share/interpreter/linkResolver.cpp, line 773]
Event: 52.132 Thread 0x000001d1092a7000 Exception <a 'java/lang/NoSuchMethodError'{0x000000008a9f77e0}: 'java.lang.Object java.lang.invoke.Invokers$Holder.linkToTargetMethod(java.lang.Object, java.lang.Object, java.lang.Object, java.lang.Object, java.lang.Object, java.lang.Object, java.lang.Object)'> (0x000000008a9f77e0) thrown at [./src/hotspot/share/interpreter/linkResolver.cpp, line 773]
Event: 52.144 Thread 0x000001d1092a7000 Exception <a 'java/lang/NoSuchMethodError'{0x000000008a827648}: 'int java.lang.invoke.DirectMethodHandle$Holder.invokeSpecial(java.lang.Object, java.lang.Object, java.lang.Object, java.lang.Object, java.lang.Object)'> (0x000000008a827648) thrown at [./src/hotspot/share/interpreter/linkResolver.cpp, line 773]
Event: 52.144 Thread 0x000001d1092ac000 Exception <a 'java/lang/NoSuchMethodError'{0x000000008a82d898}: 'int java.lang.invoke.DirectMethodHandle$Holder.invokeSpecial(java.lang.Object, java.lang.Object, java.lang.Object, java.lang.Object, java.lang.Object)'> (0x000000008a82d898) thrown at [./src/hotspot/share/interpreter/linkResolver.cpp, line 773]
Event: 52.144 Thread 0x000001d1092a5800 Exception <a 'java/lang/NoSuchMethodError'{0x000000008a87f860}: 'int java.lang.invoke.DirectMethodHandle$Holder.invokeSpecial(java.lang.Object, java.lang.Object, java.lang.Object, java.lang.Object, java.lang.Object)'> (0x000000008a87f860) thrown at [./src/hotspot/share/interpreter/linkResolver.cpp, line 773]
Event: 52.274 Thread 0x000001d1092a5800 Exception <a 'java/lang/NoSuchMethodError'{0x000000008a5770a0}: 'java.lang.Object java.lang.invoke.DirectMethodHandle$Holder.invokeVirtual(java.lang.Object, java.lang.Object, int, java.lang.Object)'> (0x000000008a5770a0) thrown at [./src/hotspot/share/interpreter/linkResolver.cpp, line 773]
Event: 52.290 Thread 0x000001d1092ac000 Exception <a 'java/lang/IncompatibleClassChangeError'{0x000000008a5d0f60}: Found class java.lang.Object, but interface was expected> (0x000000008a5d0f60) thrown at [./src/hotspot/share/interpreter/linkResolver.cpp, line 839]
Event: 52.293 Thread 0x000001d1092ac000 Exception <a 'java/lang/IncompatibleClassChangeError'{0x000000008a5dda90}: Found class java.lang.Object, but interface was expected> (0x000000008a5dda90) thrown at [./src/hotspot/share/interpreter/linkResolver.cpp, line 839]
Event: 52.313 Thread 0x000001d1092ac000 Exception <a 'java/lang/NoSuchMethodError'{0x000000008a313eb0}: 'void java.lang.invoke.DirectMethodHandle$Holder.invokeVirtual(java.lang.Object, java.lang.Object, int, java.lang.Object)'> (0x000000008a313eb0) thrown at [./src/hotspot/share/interpreter/linkResolver.cpp, line 773]
Event: 52.443 Thread 0x000001d1092ac000 Exception <a 'java/lang/NoSuchMethodError'{0x0000000089f31dc8}: 'java.lang.Object java.lang.invoke.DirectMethodHandle$Holder.newInvokeSpecial(java.lang.Object, int)'> (0x0000000089f31dc8) thrown at [./src/hotspot/share/interpreter/linkResolver.cpp, line 773]
Event: 52.679 Thread 0x000001d1092ac000 Exception <a 'java/lang/NoSuchMethodError'{0x00000000899db288}: 'void java.lang.invoke.DirectMethodHandle$Holder.invokeSpecial(java.lang.Object, java.lang.Object, int, java.lang.Object, java.lang.Object, java.lang.Object, java.lang.Object)'> (0x00000000899db288) thrown at [./src/hotspot/share/interpreter/linkResolver.cpp, line 773]
Event: 52.681 Thread 0x000001d1092ac000 Exception <a 'java/lang/NoSuchMethodError'{0x00000000899fda58}: 'java.lang.Object java.lang.invoke.Invokers$Holder.linkToTargetMethod(java.lang.Object, int, java.lang.Object, java.lang.Object, java.lang.Object, java.lang.Object)'> (0x00000000899fda58) thrown at [./src/hotspot/share/interpreter/linkResolver.cpp, line 773]
Event: 52.682 Thread 0x000001d1092ac000 Exception <a 'java/lang/NoSuchMethodError'{0x0000000089819480}: 'void java.lang.invoke.DirectMethodHandle$Holder.invokeSpecial(java.lang.Object, java.lang.Object, java.lang.Object, java.lang.Object, java.lang.Object, java.lang.Object, java.lang.Object, java.lang.Object, java.lang.Object)'> (0x0000000089819480) thrown at [./src/hotspot/share/interpreter/linkResolver.cpp, line 773]
Event: 52.687 Thread 0x000001d1092ac000 Exception <a 'java/lang/NoSuchMethodError'{0x000000008984dd50}: 'void java.lang.invoke.DirectMethodHandle$Holder.invokeStatic(java.lang.Object, java.lang.Object, java.lang.Object, java.lang.Object, java.lang.Object, java.lang.Object, java.lang.Object, java.lang.Object)'> (0x000000008984dd50) thrown at [./src/hotspot/share/interpreter/linkResolver.cpp, line 773]
Event: 52.863 Thread 0x000001d1092a7000 Exception <a 'java/lang/IncompatibleClassChangeError'{0x0000000089137fd8}: Found class java.lang.Object, but interface was expected> (0x0000000089137fd8) thrown at [./src/hotspot/share/interpreter/linkResolver.cpp, line 839]
Event: 52.930 Thread 0x000001d1092ac000 Exception <a 'java/lang/NoSuchMethodError'{0x0000000088fa0f38}: 'void java.lang.invoke.DirectMethodHandle$Holder.invokeVirtual(java.lang.Object, java.lang.Object, int)'> (0x0000000088fa0f38) thrown at [./src/hotspot/share/interpreter/linkResolver.cpp, line 773]
Event: 52.930 Thread 0x000001d1092a7000 Exception <a 'java/lang/NoSuchMethodError'{0x0000000088fb4670}: 'void java.lang.invoke.DirectMethodHandle$Holder.invokeVirtual(java.lang.Object, java.lang.Object, int)'> (0x0000000088fb4670) thrown at [./src/hotspot/share/interpreter/linkResolver.cpp, line 773]
Event: 52.963 Thread 0x000001d1092a7000 Exception <a 'sun/nio/fs/WindowsException'{0x0000000088e6afb8}> (0x0000000088e6afb8) thrown at [./src/hotspot/share/prims/jni.cpp, line 615]
Event: 52.963 Thread 0x000001d1092a5800 Exception <a 'sun/nio/fs/WindowsException'{0x0000000088e7c678}> (0x0000000088e7c678) thrown at [./src/hotspot/share/prims/jni.cpp, line 615]
Event: 52.972 Thread 0x000001d1092ac000 Exception <a 'sun/nio/fs/WindowsException'{0x0000000088ea1918}> (0x0000000088ea1918) thrown at [./src/hotspot/share/prims/jni.cpp, line 615]

Events (20 events):
Event: 52.956 loading class com/android/tools/r8/dex/m
Event: 52.956 loading class com/android/tools/r8/dex/m done
Event: 52.957 loading class java/util/zip/Adler32
Event: 52.957 loading class java/util/zip/Adler32 done
Event: 52.959 loading class com/android/tools/r8/dex/m$a
Event: 52.959 loading class com/android/tools/r8/dex/m$a done
Event: 52.960 loading class com/android/tools/r8/ByteDataView
Event: 52.960 loading class com/android/tools/r8/ByteDataView done
Event: 52.961 loading class com/android/tools/r8/internal/ya
Event: 52.961 loading class com/android/tools/r8/internal/ya done
Event: 52.963 loading class com/android/tools/r8/internal/B7
Event: 52.963 loading class com/android/tools/r8/internal/B7 done
Event: 52.964 loading class com/android/tools/r8/internal/A7
Event: 52.964 loading class com/android/tools/r8/internal/A7 done
Event: 52.964 loading class com/android/tools/r8/internal/z7
Event: 52.964 loading class com/android/tools/r8/internal/z7 done
Event: 52.980 loading class org/gradle/api/internal/artifacts/transform/DefaultTransformerInvocationFactory$TransformerExecution
Event: 52.980 loading class org/gradle/api/internal/artifacts/transform/DefaultTransformerInvocationFactory$TransformerExecution done
Event: 52.992 loading class org/gradle/api/internal/artifacts/transform/DefaultTransformerInvocationFactory$TransformerExecution$2
Event: 52.992 loading class org/gradle/api/internal/artifacts/transform/DefaultTransformerInvocationFactory$TransformerExecution$2 done


Dynamic libraries:
0x00007ff612c00000 - 0x00007ff612c0a000 	C:\Program Files\Android\Android Studio\jre\bin\java.exe
0x00007ff8490b0000 - 0x00007ff8492a5000 	C:\WINDOWS\SYSTEM32\ntdll.dll
0x00007ff848490000 - 0x00007ff84854e000 	C:\WINDOWS\System32\KERNEL32.DLL
0x00007ff846e30000 - 0x00007ff8470f8000 	C:\WINDOWS\System32\KERNELBASE.dll
0x00007ff8467c0000 - 0x00007ff8468c0000 	C:\WINDOWS\System32\ucrtbase.dll
0x00007ff83ffd0000 - 0x00007ff83ffe9000 	C:\Program Files\Android\Android Studio\jre\bin\jli.dll
0x00007ff83fe20000 - 0x00007ff83fe37000 	C:\Program Files\Android\Android Studio\jre\bin\VCRUNTIME140.dll
0x00007ff847be0000 - 0x00007ff847d80000 	C:\WINDOWS\System32\USER32.dll
0x00007ff846a50000 - 0x00007ff846a72000 	C:\WINDOWS\System32\win32u.dll
0x00007ff847d80000 - 0x00007ff847dab000 	C:\WINDOWS\System32\GDI32.dll
0x00007ff846940000 - 0x00007ff846a4d000 	C:\WINDOWS\System32\gdi32full.dll
0x00007ff846c30000 - 0x00007ff846ccd000 	C:\WINDOWS\System32\msvcp_win.dll
0x00007ff834c80000 - 0x00007ff834f1a000 	C:\WINDOWS\WinSxS\amd64_microsoft.windows.common-controls_6595b64144ccf1df_6.0.19041.1110_none_60b5254171f9507e\COMCTL32.dll
0x00007ff848e80000 - 0x00007ff848f1e000 	C:\WINDOWS\System32\msvcrt.dll
0x00007ff8483f0000 - 0x00007ff848420000 	C:\WINDOWS\System32\IMM32.DLL
0x00007ff831ef0000 - 0x00007ff831f8d000 	C:\Program Files\Android\Android Studio\jre\bin\msvcp140.dll
0x00007fffd6cb0000 - 0x00007fffd777f000 	C:\Program Files\Android\Android Studio\jre\bin\server\jvm.dll
0x00007ff848600000 - 0x00007ff8486ae000 	C:\WINDOWS\System32\ADVAPI32.dll
0x00007ff848f20000 - 0x00007ff848fbc000 	C:\WINDOWS\System32\sechost.dll
0x00007ff847db0000 - 0x00007ff847ed5000 	C:\WINDOWS\System32\RPCRT4.dll
0x00007ff848070000 - 0x00007ff848078000 	C:\WINDOWS\System32\PSAPI.DLL
0x00007ff82a700000 - 0x00007ff82a709000 	C:\WINDOWS\SYSTEM32\WSOCK32.dll
0x00007ff834f30000 - 0x00007ff834f57000 	C:\WINDOWS\SYSTEM32\WINMM.dll
0x00007ff847a90000 - 0x00007ff847afb000 	C:\WINDOWS\System32\WS2_32.dll
0x00007ff83cb40000 - 0x00007ff83cb4a000 	C:\WINDOWS\SYSTEM32\VERSION.dll
0x00007ff8446b0000 - 0x00007ff8446c2000 	C:\WINDOWS\SYSTEM32\kernel.appcore.dll
0x00007ff8421e0000 - 0x00007ff8421f1000 	C:\Program Files\Android\Android Studio\jre\bin\verify.dll
0x00007ff82d9f0000 - 0x00007ff82dbd4000 	C:\WINDOWS\SYSTEM32\DBGHELP.DLL
0x00007ff82e170000 - 0x00007ff82e19c000 	C:\WINDOWS\SYSTEM32\dbgcore.DLL
0x00007ff846b30000 - 0x00007ff846bb2000 	C:\WINDOWS\System32\bcryptPrimitives.dll
0x00007ff83c080000 - 0x00007ff83c0a9000 	C:\Program Files\Android\Android Studio\jre\bin\java.dll
0x00007ff8421d0000 - 0x00007ff8421db000 	C:\Program Files\Android\Android Studio\jre\bin\jimage.dll
0x00007ff836610000 - 0x00007ff836628000 	C:\Program Files\Android\Android Studio\jre\bin\zip.dll
0x00007ff847100000 - 0x00007ff847844000 	C:\WINDOWS\System32\SHELL32.dll
0x00007ff8448b0000 - 0x00007ff845044000 	C:\WINDOWS\SYSTEM32\windows.storage.dll
0x00007ff848080000 - 0x00007ff8483d5000 	C:\WINDOWS\System32\combase.dll
0x00007ff846210000 - 0x00007ff84623e000 	C:\WINDOWS\SYSTEM32\Wldp.dll
0x00007ff848550000 - 0x00007ff8485fd000 	C:\WINDOWS\System32\SHCORE.dll
0x00007ff848c30000 - 0x00007ff848c85000 	C:\WINDOWS\System32\shlwapi.dll
0x00007ff846700000 - 0x00007ff84671f000 	C:\WINDOWS\SYSTEM32\profapi.dll
0x00007ff8351a0000 - 0x00007ff8351ba000 	C:\Program Files\Android\Android Studio\jre\bin\net.dll
0x00007ff835a90000 - 0x00007ff835b9c000 	C:\WINDOWS\SYSTEM32\WINHTTP.dll
0x00007ff845f70000 - 0x00007ff845fda000 	C:\WINDOWS\system32\mswsock.dll
0x00007ff8338e0000 - 0x00007ff8338f4000 	C:\Program Files\Android\Android Studio\jre\bin\nio.dll
0x00007ff8422a0000 - 0x00007ff8422c7000 	C:\Users\KDH\.gradle\native\8bec1ad78214c89d9ad589b4d07fe93259594b29d510b10fafb7a158f7737e5d\windows-amd64\native-platform.dll
0x00007ff831f90000 - 0x00007ff8320cd000 	C:\Users\KDH\.gradle\native\53dbd7edfb1c66fb8903c78663c9afc45aea4f116125fa6feffd364cf09443e8\windows-amd64\native-platform-file-events.dll
0x00007ff83c070000 - 0x00007ff83c07a000 	C:\Program Files\Android\Android Studio\jre\bin\management.dll
0x00007ff83bef0000 - 0x00007ff83befc000 	C:\Program Files\Android\Android Studio\jre\bin\management_ext.dll
0x00007ff846160000 - 0x00007ff846178000 	C:\WINDOWS\SYSTEM32\CRYPTSP.dll
0x00007ff845880000 - 0x00007ff8458b4000 	C:\WINDOWS\system32\rsaenh.dll
0x00007ff846910000 - 0x00007ff846937000 	C:\WINDOWS\System32\bcrypt.dll
0x00007ff8466c0000 - 0x00007ff8466ee000 	C:\WINDOWS\SYSTEM32\USERENV.dll
0x00007ff846180000 - 0x00007ff84618c000 	C:\WINDOWS\SYSTEM32\CRYPTBASE.dll
0x00007ff845c10000 - 0x00007ff845c4b000 	C:\WINDOWS\SYSTEM32\IPHLPAPI.DLL
0x00007ff8483e0000 - 0x00007ff8483e8000 	C:\WINDOWS\System32\NSI.dll
0x00007ff83ca70000 - 0x00007ff83ca87000 	C:\WINDOWS\SYSTEM32\dhcpcsvc6.DLL
0x00007ff83d320000 - 0x00007ff83d33d000 	C:\WINDOWS\SYSTEM32\dhcpcsvc.DLL
0x00007ff845c60000 - 0x00007ff845d2b000 	C:\WINDOWS\SYSTEM32\DNSAPI.dll

dbghelp: loaded successfully - version: 4.0.5 - missing functions: none
symbol engine: initialized successfully - sym options: 0x614 - pdb path: .;C:\Program Files\Android\Android Studio\jre\bin;C:\WINDOWS\SYSTEM32;C:\WINDOWS\WinSxS\amd64_microsoft.windows.common-controls_6595b64144ccf1df_6.0.19041.1110_none_60b5254171f9507e;C:\Program Files\Android\Android Studio\jre\bin\server;C:\Users\KDH\.gradle\native\8bec1ad78214c89d9ad589b4d07fe93259594b29d510b10fafb7a158f7737e5d\windows-amd64;C:\Users\KDH\.gradle\native\53dbd7edfb1c66fb8903c78663c9afc45aea4f116125fa6feffd364cf09443e8\windows-amd64

VM Arguments:
jvm_args: --add-opens=java.base/java.util=ALL-UNNAMED --add-opens=java.base/java.lang=ALL-UNNAMED --add-opens=java.base/java.lang.invoke=ALL-UNNAMED --add-opens=java.base/java.util=ALL-UNNAMED --add-opens=java.prefs/java.util.prefs=ALL-UNNAMED --add-opens=java.prefs/java.util.prefs=ALL-UNNAMED --add-opens=java.base/java.nio.charset=ALL-UNNAMED --add-opens=java.base/java.net=ALL-UNNAMED --add-opens=java.base/java.util.concurrent.atomic=ALL-UNNAMED -Xmx2048m -Dfile.encoding=UTF-8 -Duser.country=KR -Duser.language=ko -Duser.variant 
java_command: org.gradle.launcher.daemon.bootstrap.GradleDaemon 7.0.2
java_class_path (initial): C:\Users\KDH\.gradle\wrapper\dists\gradle-7.0.2-bin\857tjihv64xamwrf0h14cai3r\gradle-7.0.2\lib\gradle-launcher-7.0.2.jar
Launcher Type: SUN_STANDARD

[Global flags]
     intx CICompilerCount                          = 3                                         {product} {ergonomic}
     uint ConcGCThreads                            = 1                                         {product} {ergonomic}
     uint G1ConcRefinementThreads                  = 4                                         {product} {ergonomic}
   size_t G1HeapRegionSize                         = 1048576                                   {product} {ergonomic}
    uintx GCDrainStackTargetSize                   = 64                                        {product} {ergonomic}
   size_t InitialHeapSize                          = 132120576                                 {product} {ergonomic}
   size_t MarkStackSize                            = 4194304                                   {product} {ergonomic}
   size_t MaxHeapSize                              = 2147483648                                {product} {command line}
   size_t MaxNewSize                               = 1287651328                                {product} {ergonomic}
   size_t MinHeapDeltaBytes                        = 1048576                                   {product} {ergonomic}
    uintx NonNMethodCodeHeapSize                   = 5830732                                {pd product} {ergonomic}
    uintx NonProfiledCodeHeapSize                  = 122913754                              {pd product} {ergonomic}
    uintx ProfiledCodeHeapSize                     = 122913754                              {pd product} {ergonomic}
    uintx ReservedCodeCacheSize                    = 251658240                              {pd product} {ergonomic}
     bool SegmentedCodeCache                       = true                                      {product} {ergonomic}
     bool UseCompressedClassPointers               = true                                 {lp64_product} {ergonomic}
     bool UseCompressedOops                        = true                                 {lp64_product} {ergonomic}
     bool UseG1GC                                  = true                                      {product} {ergonomic}
     bool UseLargePagesIndividualAllocation        = false                                  {pd product} {ergonomic}

Logging:
Log output configuration:
 #0: stdout all=warning uptime,level,tags
 #1: stderr all=off uptime,level,tags

Environment Variables:
PATH=C:\Users\KDH\AppData\Local\Android\Sdk\platform-tools;C:\Program Files (x86)\NAT Service;C:\Program Files (x86)\Intel\iCLS Client\;C:\Program Files\Intel\iCLS Client\;C:\Windows\system32;C:\Windows;C:\Windows\System32\Wbem;C:\Windows\System32\WindowsPowerShell\v1.0\;C:\Program Files (x86)\Intel\Intel(R) Management Engine Components\DAL;C:\Program Files\Intel\Intel(R) Management Engine Components\DAL;C:\Program Files (x86)\Intel\Intel(R) Management Engine Components\IPT;C:\Program Files\Intel\Intel(R) Management Engine Components\IPT;C:\Program Files (x86)\NVIDIA Corporation\PhysX\Common;C:\Program Files\Intel\WiFi\bin\;C:\Program Files\Common Files\Intel\WirelessCommon\;C:\WINDOWS\system32;C:\WINDOWS;C:\WINDOWS\System32\Wbem;C:\WINDOWS\System32\WindowsPowerShell\v1.0\;C:\WINDOWS\System32\OpenSSH\;C:\Program Files\NVIDIA Corporation\NVIDIA NvDLISR;C:\Program Files\MATLAB\R2020b\bin;C:\Program Files\Git\cmd;C:\Program Files\PuTTY\;C:\Program Files\dotnet\;C:\Users\KDH\AppData\Local\Microsoft\WindowsApps;C:\Users\KDH\AppData\Local\GitHubDesktop\bin;C:\Users\KDH\.dotnet\tools
USERNAME=KDH
OS=Windows_NT
PROCESSOR_IDENTIFIER=Intel64 Family 6 Model 78 Stepping 3, GenuineIntel



---------------  S Y S T E M  ---------------

OS: Windows 10 , 64 bit Build 19041 (10.0.19041.1503)
OS uptime: 0 days 0:17 hours

CPU:total 4 (initial active 4) (2 cores per cpu, 2 threads per core) family 6 model 78 stepping 3 microcode 0xcc, cmov, cx8, fxsr, mmx, sse, sse2, sse3, ssse3, sse4.1, sse4.2, popcnt, avx, avx2, aes, clmul, erms, 3dnowpref, lzcnt, ht, tsc, tscinvbit, bmi1, bmi2, adx, fma

Memory: 4k page, system-wide physical 8055M (455M free)
TotalPageFile size 8055M (AvailPageFile size 5M)
current process WorkingSet (physical memory assigned to process): 493M, peak: 493M
current process commit charge ("private bytes"): 522M, peak: 522M

vm_info: OpenJDK 64-Bit Server VM (11.0.10+0-b96-7249189) for windows-amd64 JRE (11.0.10+0-b96-7249189), built on Mar 31 2021 21:44:00 by "builder" with MS VC++ 14.0 (VS2015)

END.
