#
# There is insufficient memory for the Java Runtime Environment to continue.
# Native memory allocation (malloc) failed to allocate 1912016 bytes for Chunk::new
# Possible reasons:
#   The system is out of physical RAM or swap space
#   The process is running with CompressedOops enabled, and the Java Heap may be blocking the growth of the native heap
# Possible solutions:
#   Reduce memory load on the system
#   Increase physical memory or swap space
#   Check if swap backing store is full
#   Decrease Java heap size (-Xmx/-Xms)
#   Decrease number of Java threads
#   Decrease Java thread stack sizes (-Xss)
#   Set larger code cache with -XX:ReservedCodeCacheSize=
#   JVM is running with Unscaled Compressed Oops mode in which the Java heap is
#     placed in the first 4GB address space. The Java Heap base address is the
#     maximum limit for the native heap growth. Please use -XX:HeapBaseMinAddress
#     to set the Java Heap base and to place the Java Heap above 4GB virtual address.
# This output file may be truncated or incomplete.
#
#  Out of Memory Error (./src/hotspot/share/memory/arena.cpp:197), pid=4120, tid=17980
#
# JRE version: OpenJDK Runtime Environment (11.0.10) (build 11.0.10+0-b96-7249189)
# Java VM: OpenJDK 64-Bit Server VM (11.0.10+0-b96-7249189, mixed mode, tiered, compressed oops, g1 gc, windows-amd64)
# No core dump will be written. Minidumps are not enabled by default on client versions of Windows
#

---------------  S U M M A R Y ------------

Command Line: --add-opens=java.base/java.util=ALL-UNNAMED --add-opens=java.base/java.lang=ALL-UNNAMED --add-opens=java.base/java.lang.invoke=ALL-UNNAMED --add-opens=java.base/java.util=ALL-UNNAMED --add-opens=java.prefs/java.util.prefs=ALL-UNNAMED --add-opens=java.prefs/java.util.prefs=ALL-UNNAMED --add-opens=java.base/java.nio.charset=ALL-UNNAMED --add-opens=java.base/java.net=ALL-UNNAMED --add-opens=java.base/java.util.concurrent.atomic=ALL-UNNAMED -Xmx2048m -Dfile.encoding=UTF-8 -Duser.country=KR -Duser.language=ko -Duser.variant org.gradle.launcher.daemon.bootstrap.GradleDaemon 7.0.2

Host: Intel(R) Core(TM) i5-6200U CPU @ 2.30GHz, 4 cores, 7G,  Windows 10 , 64 bit Build 19041 (10.0.19041.1503)
Time: Sun Mar  6 19:28:16 2022 대한민국 표준시 elapsed time: 24.212788 seconds (0d 0h 0m 24s)

---------------  T H R E A D  ---------------

Current thread (0x000002d756364800):  JavaThread "C2 CompilerThread0" daemon [_thread_in_native, id=17980, stack(0x000000f161b00000,0x000000f161c00000)]


Current CompileTask:
C2:  24213 5867       4       org.objectweb.asm.Frame::execute (2318 bytes)

Stack: [0x000000f161b00000,0x000000f161c00000]
Native frames: (J=compiled Java code, j=interpreted, Vv=VM code, C=native code)
V  [jvm.dll+0x5ecfaa]
V  [jvm.dll+0x722bd5]
V  [jvm.dll+0x72412d]
V  [jvm.dll+0x7247e3]
V  [jvm.dll+0x242928]
V  [jvm.dll+0xbc4fc]
V  [jvm.dll+0xbca0c]
V  [jvm.dll+0x352d3b]
V  [jvm.dll+0x320ad3]
V  [jvm.dll+0x31ffca]
V  [jvm.dll+0x1fb602]
V  [jvm.dll+0x1fa7f4]
V  [jvm.dll+0x18354c]
V  [jvm.dll+0x208ee7]
V  [jvm.dll+0x207731]
V  [jvm.dll+0x6eb1cf]
V  [jvm.dll+0x6e3d45]
V  [jvm.dll+0x5ebe96]
C  [ucrtbase.dll+0x21bb2]
C  [KERNEL32.DLL+0x17034]
C  [ntdll.dll+0x52651]


---------------  P R O C E S S  ---------------

Threads class SMR info:
_java_thread_list=0x000002d75ad1c780, length=42, elements={
0x000002d73c74b800, 0x000002d75631d800, 0x000002d75632b000, 0x000002d756353000,
0x000002d756355000, 0x000002d756356000, 0x000002d756364800, 0x000002d756365800,
0x000002d75636b000, 0x000002d756d2d000, 0x000002d758234800, 0x000002d7590f8800,
0x000002d75815d800, 0x000002d758fdc000, 0x000002d75799a800, 0x000002d757a86000,
0x000002d757527000, 0x000002d757a1a800, 0x000002d757c43000, 0x000002d757e61000,
0x000002d757e61800, 0x000002d757e65000, 0x000002d757e5f000, 0x000002d757e65800,
0x000002d757e64000, 0x000002d757e62800, 0x000002d757e60000, 0x000002d757e63000,
0x000002d75b208800, 0x000002d75b20c800, 0x000002d75b20e000, 0x000002d75b20b800,
0x000002d75b20a800, 0x000002d75b20f800, 0x000002d75b20a000, 0x000002d75b213800,
0x000002d75b211800, 0x000002d75b210800, 0x000002d75b20f000, 0x000002d75b212000,
0x000002d75b214800, 0x000002d7593dd000
}

Java Threads: ( => current thread )
  0x000002d73c74b800 JavaThread "main" [_thread_blocked, id=14892, stack(0x000000f160f00000,0x000000f161000000)]
  0x000002d75631d800 JavaThread "Reference Handler" daemon [_thread_blocked, id=4180, stack(0x000000f161600000,0x000000f161700000)]
  0x000002d75632b000 JavaThread "Finalizer" daemon [_thread_blocked, id=7932, stack(0x000000f161700000,0x000000f161800000)]
  0x000002d756353000 JavaThread "Signal Dispatcher" daemon [_thread_blocked, id=17908, stack(0x000000f161800000,0x000000f161900000)]
  0x000002d756355000 JavaThread "Attach Listener" daemon [_thread_blocked, id=13648, stack(0x000000f161900000,0x000000f161a00000)]
  0x000002d756356000 JavaThread "Service Thread" daemon [_thread_blocked, id=14888, stack(0x000000f161a00000,0x000000f161b00000)]
=>0x000002d756364800 JavaThread "C2 CompilerThread0" daemon [_thread_in_native, id=17980, stack(0x000000f161b00000,0x000000f161c00000)]
  0x000002d756365800 JavaThread "C1 CompilerThread0" daemon [_thread_blocked, id=18144, stack(0x000000f161c00000,0x000000f161d00000)]
  0x000002d75636b000 JavaThread "Sweeper thread" daemon [_thread_blocked, id=10684, stack(0x000000f161d00000,0x000000f161e00000)]
  0x000002d756d2d000 JavaThread "Common-Cleaner" daemon [_thread_blocked, id=15796, stack(0x000000f161e00000,0x000000f161f00000)]
  0x000002d758234800 JavaThread "Daemon health stats" [_thread_blocked, id=472, stack(0x000000f162300000,0x000000f162400000)]
  0x000002d7590f8800 JavaThread "Incoming local TCP Connector on port 55582" [_thread_in_native, id=4564, stack(0x000000f162000000,0x000000f162100000)]
  0x000002d75815d800 JavaThread "Daemon periodic checks" [_thread_blocked, id=15332, stack(0x000000f162400000,0x000000f162500000)]
  0x000002d758fdc000 JavaThread "Daemon" [_thread_blocked, id=17256, stack(0x000000f162500000,0x000000f162600000)]
  0x000002d75799a800 JavaThread "Handler for socket connection from /127.0.0.1:55582 to /127.0.0.1:55583" [_thread_in_native, id=14588, stack(0x000000f162600000,0x000000f162700000)]
  0x000002d757a86000 JavaThread "Cancel handler" [_thread_blocked, id=17224, stack(0x000000f162700000,0x000000f162800000)]
  0x000002d757527000 JavaThread "Daemon worker" [_thread_in_vm, id=16572, stack(0x000000f162800000,0x000000f162900000)]
  0x000002d757a1a800 JavaThread "Asynchronous log dispatcher for DefaultDaemonConnection: socket connection from /127.0.0.1:55582 to /127.0.0.1:55583" [_thread_blocked, id=15764, stack(0x000000f162900000,0x000000f162a00000)]
  0x000002d757c43000 JavaThread "Stdin handler" [_thread_blocked, id=13184, stack(0x000000f162a00000,0x000000f162b00000)]
  0x000002d757e61000 JavaThread "Daemon client event forwarder" [_thread_blocked, id=2064, stack(0x000000f162b00000,0x000000f162c00000)]
  0x000002d757e61800 JavaThread "Cache worker for file hash cache (C:\Users\KDH\.gradle\caches\7.0.2\fileHashes)" [_thread_blocked, id=8912, stack(0x000000f162d00000,0x000000f162e00000)]
  0x000002d757e65000 JavaThread "File lock request listener" [_thread_in_native, id=15028, stack(0x000000f162e00000,0x000000f162f00000)]
  0x000002d757e5f000 JavaThread "Cache worker for journal cache (C:\Users\KDH\.gradle\caches\journal-1)" [_thread_blocked, id=3832, stack(0x000000f162f00000,0x000000f163000000)]
  0x000002d757e65800 JavaThread "Cache worker for file hash cache (C:\Fitness-Alarm\.gradle\7.0.2\fileHashes)" [_thread_blocked, id=11704, stack(0x000000f163000000,0x000000f163100000)]
  0x000002d757e64000 JavaThread "File watcher server" daemon [_thread_in_native, id=16220, stack(0x000000f163100000,0x000000f163200000)]
  0x000002d757e62800 JavaThread "File watcher consumer" daemon [_thread_blocked, id=14664, stack(0x000000f163200000,0x000000f163300000)]
  0x000002d757e60000 JavaThread "Cache worker for checksums cache (C:\Fitness-Alarm\.gradle\checksums)" [_thread_blocked, id=7116, stack(0x000000f163300000,0x000000f163400000)]
  0x000002d757e63000 JavaThread "Cache worker for cache directory md-supplier (C:\Users\KDH\.gradle\caches\7.0.2\md-supplier)" [_thread_blocked, id=13396, stack(0x000000f163400000,0x000000f163500000)]
  0x000002d75b208800 JavaThread "Cache worker for cache directory md-rule (C:\Users\KDH\.gradle\caches\7.0.2\md-rule)" [_thread_blocked, id=17180, stack(0x000000f163500000,0x000000f163600000)]
  0x000002d75b20c800 JavaThread "Cache worker for execution history cache (C:\Users\KDH\.gradle\caches\7.0.2\executionHistory)" [_thread_blocked, id=11920, stack(0x000000f163700000,0x000000f163800000)]
  0x000002d75b20e000 JavaThread "jar transforms" [_thread_blocked, id=692, stack(0x000000f163800000,0x000000f163900000)]
  0x000002d75b20b800 JavaThread "jar transforms Thread 2" [_thread_blocked, id=17884, stack(0x000000f163900000,0x000000f163a00000)]
  0x000002d75b20a800 JavaThread "Cache worker for file content cache (C:\Users\KDH\.gradle\caches\7.0.2\fileContent)" [_thread_blocked, id=1176, stack(0x000000f163a00000,0x000000f163b00000)]
  0x000002d75b20f800 JavaThread "Cache worker for dependencies-accessors (C:\Fitness-Alarm\.gradle\7.0.2\dependencies-accessors)" [_thread_blocked, id=18116, stack(0x000000f163b00000,0x000000f163c00000)]
  0x000002d75b20a000 JavaThread "jar transforms Thread 3" [_thread_blocked, id=11004, stack(0x000000f163c00000,0x000000f163d00000)]
  0x000002d75b213800 JavaThread "Cache worker for Build Output Cleanup Cache (C:\Fitness-Alarm\.gradle\buildOutputCleanup)" [_thread_blocked, id=17620, stack(0x000000f163d00000,0x000000f163e00000)]
  0x000002d75b211800 JavaThread "Build operations" [_thread_blocked, id=14060, stack(0x000000f163600000,0x000000f163700000)]
  0x000002d75b210800 JavaThread "Build operations Thread 2" [_thread_blocked, id=11924, stack(0x000000f163e00000,0x000000f163f00000)]
  0x000002d75b20f000 JavaThread "Build operations Thread 3" [_thread_blocked, id=2424, stack(0x000000f163f00000,0x000000f164000000)]
  0x000002d75b212000 JavaThread "Build operations Thread 4" [_thread_blocked, id=14000, stack(0x000000f164000000,0x000000f164100000)]
  0x000002d75b214800 JavaThread "jar transforms Thread 4" [_thread_blocked, id=18184, stack(0x000000f164100000,0x000000f164200000)]
  0x000002d7593dd000 JavaThread "C2 CompilerThread1" daemon [_thread_in_native, id=9468, stack(0x000000f164200000,0x000000f164300000)]

Other Threads:
  0x000002d756319000 VMThread "VM Thread" [stack: 0x000000f161500000,0x000000f161600000] [id=14180]
  0x000002d756d97000 WatcherThread [stack: 0x000000f161f00000,0x000000f162000000] [id=15756]
  0x000002d73c764000 GCTaskThread "GC Thread#0" [stack: 0x000000f161000000,0x000000f161100000] [id=15164]
  0x000002d757533000 GCTaskThread "GC Thread#1" [stack: 0x000000f162100000,0x000000f162200000] [id=16484]
  0x000002d756e9b800 GCTaskThread "GC Thread#2" [stack: 0x000000f162200000,0x000000f162300000] [id=2252]
  0x000002d757c44000 GCTaskThread "GC Thread#3" [stack: 0x000000f162c00000,0x000000f162d00000] [id=16448]
  0x000002d73c796800 ConcurrentGCThread "G1 Main Marker" [stack: 0x000000f161100000,0x000000f161200000] [id=6728]
  0x000002d73c797800 ConcurrentGCThread "G1 Conc#0" [stack: 0x000000f161200000,0x000000f161300000] [id=15324]
  0x000002d73c82a000 ConcurrentGCThread "G1 Refine#0" [stack: 0x000000f161300000,0x000000f161400000] [id=12828]
  0x000002d73c82b000 ConcurrentGCThread "G1 Young RemSet Sampling" [stack: 0x000000f161400000,0x000000f161500000] [id=11076]

Threads with active compile tasks:
C2 CompilerThread0  24348 5867       4       org.objectweb.asm.Frame::execute (2318 bytes)
C2 CompilerThread1  24348 5869       4       org.objectweb.asm.SymbolTable::addConstantUtf8 (98 bytes)

VM state:not at safepoint (normal execution)

VM Mutex/Monitor currently owned by a thread: None

Heap address: 0x0000000080000000, size: 2048 MB, Compressed Oops mode: 32-bit
Narrow klass base: 0x0000000000000000, Narrow klass shift: 3
Compressed class space size: 1073741824 Address: 0x0000000100000000

Heap:
 garbage-first heap   total 129024K, used 55687K [0x0000000080000000, 0x0000000100000000)
  region size 1024K, 9 young (9216K), 2 survivors (2048K)
 Metaspace       used 57536K, capacity 59082K, committed 59340K, reserved 1101824K
  class space    used 7279K, capacity 7844K, committed 7884K, reserved 1048576K
Heap Regions: E=young(eden), S=young(survivor), O=old, HS=humongous(starts), HC=humongous(continues), CS=collection set, F=free, A=archive, TAMS=top-at-mark-start (previous, next)
|   0|0x0000000080000000, 0x0000000080100000, 0x0000000080100000|100%| O|  |TAMS 0x0000000080100000, 0x0000000080000000| Untracked 
|   1|0x0000000080100000, 0x0000000080200000, 0x0000000080200000|100%| O|  |TAMS 0x0000000080200000, 0x0000000080100000| Untracked 
|   2|0x0000000080200000, 0x0000000080300000, 0x0000000080300000|100%| O|  |TAMS 0x0000000080300000, 0x0000000080200000| Untracked 
|   3|0x0000000080300000, 0x0000000080400000, 0x0000000080400000|100%|HS|  |TAMS 0x0000000080400000, 0x0000000080300000| Complete 
|   4|0x0000000080400000, 0x0000000080500000, 0x0000000080500000|100%|HC|  |TAMS 0x0000000080500000, 0x0000000080400000| Complete 
|   5|0x0000000080500000, 0x0000000080600000, 0x0000000080600000|100%|HC|  |TAMS 0x0000000080600000, 0x0000000080500000| Complete 
|   6|0x0000000080600000, 0x0000000080700000, 0x0000000080700000|100%| O|  |TAMS 0x0000000080700000, 0x0000000080600000| Untracked 
|   7|0x0000000080700000, 0x0000000080800000, 0x0000000080800000|100%| O|  |TAMS 0x0000000080800000, 0x0000000080700000| Untracked 
|   8|0x0000000080800000, 0x0000000080900000, 0x0000000080900000|100%| O|  |TAMS 0x0000000080900000, 0x0000000080800000| Untracked 
|   9|0x0000000080900000, 0x0000000080a00000, 0x0000000080a00000|100%| O|  |TAMS 0x0000000080a00000, 0x0000000080900000| Untracked 
|  10|0x0000000080a00000, 0x0000000080b00000, 0x0000000080b00000|100%| O|  |TAMS 0x0000000080b00000, 0x0000000080a00000| Untracked 
|  11|0x0000000080b00000, 0x0000000080c00000, 0x0000000080c00000|100%| O|  |TAMS 0x0000000080c00000, 0x0000000080b00000| Untracked 
|  12|0x0000000080c00000, 0x0000000080d00000, 0x0000000080d00000|100%| O|  |TAMS 0x0000000080d00000, 0x0000000080c00000| Untracked 
|  13|0x0000000080d00000, 0x0000000080e00000, 0x0000000080e00000|100%| O|  |TAMS 0x0000000080e00000, 0x0000000080d00000| Untracked 
|  14|0x0000000080e00000, 0x0000000080f00000, 0x0000000080f00000|100%| O|  |TAMS 0x0000000080f00000, 0x0000000080e00000| Untracked 
|  15|0x0000000080f00000, 0x0000000081000000, 0x0000000081000000|100%| O|  |TAMS 0x0000000081000000, 0x0000000080f00000| Untracked 
|  16|0x0000000081000000, 0x0000000081100000, 0x0000000081100000|100%| O|  |TAMS 0x0000000081100000, 0x0000000081000000| Untracked 
|  17|0x0000000081100000, 0x0000000081200000, 0x0000000081200000|100%| O|  |TAMS 0x00000000811e2c00, 0x0000000081100000| Untracked 
|  18|0x0000000081200000, 0x0000000081300000, 0x0000000081300000|100%| O|  |TAMS 0x0000000081200000, 0x0000000081200000| Untracked 
|  19|0x0000000081300000, 0x0000000081400000, 0x0000000081400000|100%| O|  |TAMS 0x0000000081300000, 0x0000000081300000| Untracked 
|  20|0x0000000081400000, 0x0000000081500000, 0x0000000081500000|100%| O|  |TAMS 0x0000000081400000, 0x0000000081400000| Untracked 
|  21|0x0000000081500000, 0x0000000081600000, 0x0000000081600000|100%| O|  |TAMS 0x0000000081500000, 0x0000000081500000| Untracked 
|  22|0x0000000081600000, 0x0000000081700000, 0x0000000081700000|100%| O|  |TAMS 0x0000000081600000, 0x0000000081600000| Untracked 
|  23|0x0000000081700000, 0x0000000081800000, 0x0000000081800000|100%| O|  |TAMS 0x0000000081700000, 0x0000000081700000| Untracked 
|  24|0x0000000081800000, 0x0000000081900000, 0x0000000081900000|100%| O|  |TAMS 0x0000000081800000, 0x0000000081800000| Untracked 
|  25|0x0000000081900000, 0x0000000081a00000, 0x0000000081a00000|100%|HS|  |TAMS 0x0000000081900000, 0x0000000081900000| Complete 
|  26|0x0000000081a00000, 0x0000000081b00000, 0x0000000081b00000|100%|HS|  |TAMS 0x0000000081a00000, 0x0000000081a00000| Complete 
|  27|0x0000000081b00000, 0x0000000081c00000, 0x0000000081c00000|100%|HS|  |TAMS 0x0000000081b00000, 0x0000000081b00000| Complete 
|  28|0x0000000081c00000, 0x0000000081d00000, 0x0000000081d00000|100%|HS|  |TAMS 0x0000000081c00000, 0x0000000081c00000| Complete 
|  29|0x0000000081d00000, 0x0000000081e00000, 0x0000000081e00000|100%|HC|  |TAMS 0x0000000081d00000, 0x0000000081d00000| Complete 
|  30|0x0000000081e00000, 0x0000000081f00000, 0x0000000081f00000|100%|HC|  |TAMS 0x0000000081e00000, 0x0000000081e00000| Complete 
|  31|0x0000000081f00000, 0x0000000082000000, 0x0000000082000000|100%|HS|  |TAMS 0x0000000081f00000, 0x0000000081f00000| Complete 
|  32|0x0000000082000000, 0x0000000082100000, 0x0000000082100000|100%|HC|  |TAMS 0x0000000082000000, 0x0000000082000000| Complete 
|  33|0x0000000082100000, 0x0000000082200000, 0x0000000082200000|100%| O|  |TAMS 0x0000000082100000, 0x0000000082100000| Untracked 
|  34|0x0000000082200000, 0x0000000082300000, 0x0000000082300000|100%| O|  |TAMS 0x0000000082200000, 0x0000000082200000| Untracked 
|  35|0x0000000082300000, 0x0000000082400000, 0x0000000082400000|100%| O|  |TAMS 0x0000000082300000, 0x0000000082300000| Untracked 
|  36|0x0000000082400000, 0x0000000082500000, 0x0000000082500000|100%| O|  |TAMS 0x0000000082400000, 0x0000000082400000| Untracked 
|  37|0x0000000082500000, 0x0000000082600000, 0x0000000082600000|100%| O|  |TAMS 0x0000000082500000, 0x0000000082500000| Untracked 
|  38|0x0000000082600000, 0x0000000082700000, 0x0000000082700000|100%| O|  |TAMS 0x0000000082600000, 0x0000000082600000| Untracked 
|  39|0x0000000082700000, 0x0000000082800000, 0x0000000082800000|100%| O|  |TAMS 0x0000000082700000, 0x0000000082700000| Untracked 
|  40|0x0000000082800000, 0x0000000082900000, 0x0000000082900000|100%| O|  |TAMS 0x0000000082800000, 0x0000000082800000| Untracked 
|  41|0x0000000082900000, 0x0000000082a00000, 0x0000000082a00000|100%| O|  |TAMS 0x0000000082900000, 0x0000000082900000| Untracked 
|  42|0x0000000082a00000, 0x0000000082b00000, 0x0000000082b00000|100%| O|  |TAMS 0x0000000082a00000, 0x0000000082a00000| Untracked 
|  43|0x0000000082b00000, 0x0000000082c00000, 0x0000000082c00000|100%| O|  |TAMS 0x0000000082b00000, 0x0000000082b00000| Untracked 
|  44|0x0000000082c00000, 0x0000000082d00000, 0x0000000082d00000|100%| O|  |TAMS 0x0000000082c00000, 0x0000000082c00000| Untracked 
|  45|0x0000000082d00000, 0x0000000082e00000, 0x0000000082e00000|100%| O|  |TAMS 0x0000000082d00000, 0x0000000082d00000| Untracked 
|  46|0x0000000082e00000, 0x0000000082e6f600, 0x0000000082f00000| 43%| O|  |TAMS 0x0000000082e00000, 0x0000000082e00000| Untracked 
|  47|0x0000000082f00000, 0x0000000082f00000, 0x0000000083000000|  0%| F|  |TAMS 0x0000000082f00000, 0x0000000082f00000| Untracked 
|  48|0x0000000083000000, 0x0000000083000000, 0x0000000083100000|  0%| F|  |TAMS 0x0000000083000000, 0x0000000083000000| Untracked 
|  49|0x0000000083100000, 0x0000000083100000, 0x0000000083200000|  0%| F|  |TAMS 0x0000000083100000, 0x0000000083100000| Untracked 
|  50|0x0000000083200000, 0x0000000083200000, 0x0000000083300000|  0%| F|  |TAMS 0x0000000083200000, 0x0000000083200000| Untracked 
|  51|0x0000000083300000, 0x0000000083300000, 0x0000000083400000|  0%| F|  |TAMS 0x0000000083300000, 0x0000000083300000| Untracked 
|  52|0x0000000083400000, 0x0000000083400000, 0x0000000083500000|  0%| F|  |TAMS 0x0000000083400000, 0x0000000083400000| Untracked 
|  53|0x0000000083500000, 0x0000000083500000, 0x0000000083600000|  0%| F|  |TAMS 0x0000000083500000, 0x0000000083500000| Untracked 
|  54|0x0000000083600000, 0x0000000083600000, 0x0000000083700000|  0%| F|  |TAMS 0x0000000083600000, 0x0000000083600000| Untracked 
|  55|0x0000000083700000, 0x0000000083700000, 0x0000000083800000|  0%| F|  |TAMS 0x0000000083700000, 0x0000000083700000| Untracked 
|  56|0x0000000083800000, 0x0000000083800000, 0x0000000083900000|  0%| F|  |TAMS 0x0000000083800000, 0x0000000083800000| Untracked 
|  57|0x0000000083900000, 0x0000000083900000, 0x0000000083a00000|  0%| F|  |TAMS 0x0000000083900000, 0x0000000083900000| Untracked 
|  58|0x0000000083a00000, 0x0000000083a00000, 0x0000000083b00000|  0%| F|  |TAMS 0x0000000083a00000, 0x0000000083a00000| Untracked 
|  59|0x0000000083b00000, 0x0000000083b00000, 0x0000000083c00000|  0%| F|  |TAMS 0x0000000083b00000, 0x0000000083b00000| Untracked 
|  60|0x0000000083c00000, 0x0000000083c00000, 0x0000000083d00000|  0%| F|  |TAMS 0x0000000083c00000, 0x0000000083c00000| Untracked 
|  61|0x0000000083d00000, 0x0000000083d00000, 0x0000000083e00000|  0%| F|  |TAMS 0x0000000083d00000, 0x0000000083d00000| Untracked 
|  62|0x0000000083e00000, 0x0000000083e00000, 0x0000000083f00000|  0%| F|  |TAMS 0x0000000083e00000, 0x0000000083e00000| Untracked 
|  63|0x0000000083f00000, 0x0000000083f00000, 0x0000000084000000|  0%| F|  |TAMS 0x0000000083f00000, 0x0000000083f00000| Untracked 
|  64|0x0000000084000000, 0x0000000084000000, 0x0000000084100000|  0%| F|  |TAMS 0x0000000084000000, 0x0000000084000000| Untracked 
|  65|0x0000000084100000, 0x0000000084100000, 0x0000000084200000|  0%| F|  |TAMS 0x0000000084100000, 0x0000000084100000| Untracked 
|  66|0x0000000084200000, 0x0000000084200000, 0x0000000084300000|  0%| F|  |TAMS 0x0000000084200000, 0x0000000084200000| Untracked 
|  67|0x0000000084300000, 0x0000000084300000, 0x0000000084400000|  0%| F|  |TAMS 0x0000000084300000, 0x0000000084300000| Untracked 
|  68|0x0000000084400000, 0x0000000084400000, 0x0000000084500000|  0%| F|  |TAMS 0x0000000084400000, 0x0000000084400000| Untracked 
|  69|0x0000000084500000, 0x0000000084500000, 0x0000000084600000|  0%| F|  |TAMS 0x0000000084500000, 0x0000000084500000| Untracked 
|  70|0x0000000084600000, 0x0000000084600000, 0x0000000084700000|  0%| F|  |TAMS 0x0000000084600000, 0x0000000084600000| Untracked 
|  71|0x0000000084700000, 0x0000000084700000, 0x0000000084800000|  0%| F|  |TAMS 0x0000000084700000, 0x0000000084700000| Untracked 
|  72|0x0000000084800000, 0x0000000084800000, 0x0000000084900000|  0%| F|  |TAMS 0x0000000084800000, 0x0000000084800000| Untracked 
|  73|0x0000000084900000, 0x0000000084900000, 0x0000000084a00000|  0%| F|  |TAMS 0x0000000084900000, 0x0000000084900000| Untracked 
|  74|0x0000000084a00000, 0x0000000084a00000, 0x0000000084b00000|  0%| F|  |TAMS 0x0000000084a00000, 0x0000000084a00000| Untracked 
|  75|0x0000000084b00000, 0x0000000084b00000, 0x0000000084c00000|  0%| F|  |TAMS 0x0000000084b00000, 0x0000000084b00000| Untracked 
|  76|0x0000000084c00000, 0x0000000084c00000, 0x0000000084d00000|  0%| F|  |TAMS 0x0000000084c00000, 0x0000000084c00000| Untracked 
|  77|0x0000000084d00000, 0x0000000084d00000, 0x0000000084e00000|  0%| F|  |TAMS 0x0000000084d00000, 0x0000000084d00000| Untracked 
|  78|0x0000000084e00000, 0x0000000084e00000, 0x0000000084f00000|  0%| F|  |TAMS 0x0000000084e00000, 0x0000000084e00000| Untracked 
|  79|0x0000000084f00000, 0x0000000084f00000, 0x0000000085000000|  0%| F|  |TAMS 0x0000000084f00000, 0x0000000084f00000| Untracked 
|  80|0x0000000085000000, 0x0000000085000000, 0x0000000085100000|  0%| F|  |TAMS 0x0000000085000000, 0x0000000085000000| Untracked 
|  81|0x0000000085100000, 0x00000000851f28c0, 0x0000000085200000| 94%| S|CS|TAMS 0x0000000085100000, 0x0000000085100000| Complete 
|  82|0x0000000085200000, 0x0000000085300000, 0x0000000085300000|100%| S|CS|TAMS 0x0000000085200000, 0x0000000085200000| Complete 
|  83|0x0000000085300000, 0x0000000085300000, 0x0000000085400000|  0%| F|  |TAMS 0x0000000085300000, 0x0000000085300000| Untracked 
|  84|0x0000000085400000, 0x0000000085400000, 0x0000000085500000|  0%| F|  |TAMS 0x0000000085400000, 0x0000000085400000| Untracked 
|  85|0x0000000085500000, 0x0000000085500000, 0x0000000085600000|  0%| F|  |TAMS 0x0000000085500000, 0x0000000085500000| Untracked 
|  86|0x0000000085600000, 0x0000000085600000, 0x0000000085700000|  0%| F|  |TAMS 0x0000000085600000, 0x0000000085600000| Untracked 
|  87|0x0000000085700000, 0x0000000085700000, 0x0000000085800000|  0%| F|  |TAMS 0x0000000085700000, 0x0000000085700000| Untracked 
|  88|0x0000000085800000, 0x0000000085800000, 0x0000000085900000|  0%| F|  |TAMS 0x0000000085800000, 0x0000000085800000| Untracked 
|  89|0x0000000085900000, 0x0000000085900000, 0x0000000085a00000|  0%| F|  |TAMS 0x0000000085900000, 0x0000000085900000| Untracked 
|  90|0x0000000085a00000, 0x0000000085a00000, 0x0000000085b00000|  0%| F|  |TAMS 0x0000000085a00000, 0x0000000085a00000| Untracked 
|  91|0x0000000085b00000, 0x0000000085b00000, 0x0000000085c00000|  0%| F|  |TAMS 0x0000000085b00000, 0x0000000085b00000| Untracked 
|  92|0x0000000085c00000, 0x0000000085c00000, 0x0000000085d00000|  0%| F|  |TAMS 0x0000000085c00000, 0x0000000085c00000| Untracked 
|  93|0x0000000085d00000, 0x0000000085d00000, 0x0000000085e00000|  0%| F|  |TAMS 0x0000000085d00000, 0x0000000085d00000| Untracked 
|  94|0x0000000085e00000, 0x0000000085e00000, 0x0000000085f00000|  0%| F|  |TAMS 0x0000000085e00000, 0x0000000085e00000| Untracked 
|  95|0x0000000085f00000, 0x0000000085f00000, 0x0000000086000000|  0%| F|  |TAMS 0x0000000085f00000, 0x0000000085f00000| Untracked 
|  96|0x0000000086000000, 0x0000000086000000, 0x0000000086100000|  0%| F|  |TAMS 0x0000000086000000, 0x0000000086000000| Untracked 
|  97|0x0000000086100000, 0x0000000086100000, 0x0000000086200000|  0%| F|  |TAMS 0x0000000086100000, 0x0000000086100000| Untracked 
|  98|0x0000000086200000, 0x0000000086200000, 0x0000000086300000|  0%| F|  |TAMS 0x0000000086200000, 0x0000000086200000| Untracked 
|  99|0x0000000086300000, 0x0000000086300000, 0x0000000086400000|  0%| F|  |TAMS 0x0000000086300000, 0x0000000086300000| Untracked 
| 100|0x0000000086400000, 0x0000000086400000, 0x0000000086500000|  0%| F|  |TAMS 0x0000000086400000, 0x0000000086400000| Untracked 
| 101|0x0000000086500000, 0x0000000086500000, 0x0000000086600000|  0%| F|  |TAMS 0x0000000086500000, 0x0000000086500000| Untracked 
| 102|0x0000000086600000, 0x0000000086600000, 0x0000000086700000|  0%| F|  |TAMS 0x0000000086600000, 0x0000000086600000| Untracked 
| 103|0x0000000086700000, 0x0000000086700000, 0x0000000086800000|  0%| F|  |TAMS 0x0000000086700000, 0x0000000086700000| Untracked 
| 104|0x0000000086800000, 0x0000000086800000, 0x0000000086900000|  0%| F|  |TAMS 0x0000000086800000, 0x0000000086800000| Untracked 
| 105|0x0000000086900000, 0x0000000086900000, 0x0000000086a00000|  0%| F|  |TAMS 0x0000000086900000, 0x0000000086900000| Untracked 
| 106|0x0000000086a00000, 0x0000000086a00000, 0x0000000086b00000|  0%| F|  |TAMS 0x0000000086a00000, 0x0000000086a00000| Untracked 
| 107|0x0000000086b00000, 0x0000000086b00000, 0x0000000086c00000|  0%| F|  |TAMS 0x0000000086b00000, 0x0000000086b00000| Untracked 
| 108|0x0000000086c00000, 0x0000000086c00000, 0x0000000086d00000|  0%| F|  |TAMS 0x0000000086c00000, 0x0000000086c00000| Untracked 
| 109|0x0000000086d00000, 0x0000000086d00000, 0x0000000086e00000|  0%| F|  |TAMS 0x0000000086d00000, 0x0000000086d00000| Untracked 
| 110|0x0000000086e00000, 0x0000000086e00000, 0x0000000086f00000|  0%| F|  |TAMS 0x0000000086e00000, 0x0000000086e00000| Untracked 
| 111|0x0000000086f00000, 0x0000000086f00000, 0x0000000087000000|  0%| F|  |TAMS 0x0000000086f00000, 0x0000000086f00000| Untracked 
| 112|0x0000000087000000, 0x0000000087000000, 0x0000000087100000|  0%| F|  |TAMS 0x0000000087000000, 0x0000000087000000| Untracked 
| 113|0x0000000087100000, 0x0000000087100000, 0x0000000087200000|  0%| F|  |TAMS 0x0000000087100000, 0x0000000087100000| Untracked 
| 114|0x0000000087200000, 0x0000000087200000, 0x0000000087300000|  0%| F|  |TAMS 0x0000000087200000, 0x0000000087200000| Untracked 
| 115|0x0000000087300000, 0x0000000087300000, 0x0000000087400000|  0%| F|  |TAMS 0x0000000087300000, 0x0000000087300000| Untracked 
| 116|0x0000000087400000, 0x0000000087400000, 0x0000000087500000|  0%| F|  |TAMS 0x0000000087400000, 0x0000000087400000| Untracked 
| 117|0x0000000087500000, 0x0000000087500000, 0x0000000087600000|  0%| F|  |TAMS 0x0000000087500000, 0x0000000087500000| Untracked 
| 118|0x0000000087600000, 0x0000000087600000, 0x0000000087700000|  0%| F|  |TAMS 0x0000000087600000, 0x0000000087600000| Untracked 
| 119|0x0000000087700000, 0x0000000087800000, 0x0000000087800000|100%| E|  |TAMS 0x0000000087700000, 0x0000000087700000| Complete 
| 120|0x0000000087800000, 0x0000000087900000, 0x0000000087900000|100%| E|CS|TAMS 0x0000000087800000, 0x0000000087800000| Complete 
| 121|0x0000000087900000, 0x0000000087a00000, 0x0000000087a00000|100%| E|CS|TAMS 0x0000000087900000, 0x0000000087900000| Complete 
| 122|0x0000000087a00000, 0x0000000087b00000, 0x0000000087b00000|100%| E|CS|TAMS 0x0000000087a00000, 0x0000000087a00000| Complete 
| 123|0x0000000087b00000, 0x0000000087c00000, 0x0000000087c00000|100%| E|CS|TAMS 0x0000000087b00000, 0x0000000087b00000| Complete 
| 124|0x0000000087c00000, 0x0000000087d00000, 0x0000000087d00000|100%| E|CS|TAMS 0x0000000087c00000, 0x0000000087c00000| Complete 
| 125|0x0000000087d00000, 0x0000000087e00000, 0x0000000087e00000|100%| E|CS|TAMS 0x0000000087d00000, 0x0000000087d00000| Complete 

Card table byte_map: [0x000002d74f640000,0x000002d74fa40000] _byte_map_base: 0x000002d74f240000

Marking Bits (Prev, Next): (CMBitMap*) 0x000002d73c78de28, (CMBitMap*) 0x000002d73c78de60
 Prev Bits: [0x000002d74fe40000, 0x000002d751e40000)
 Next Bits: [0x000002d751e40000, 0x000002d753e40000)

Polling page: 0x000002d73a6d0000

Metaspace:

Usage:
  Non-class:     50.10 MB capacity,    49.17 MB ( 98%) used,   799.45 KB (  2%) free+waste,   149.00 KB ( <1%) overhead. 
      Class:      7.69 MB capacity,     7.12 MB ( 93%) used,   515.58 KB (  7%) free+waste,    70.50 KB ( <1%) overhead. 
       Both:     57.79 MB capacity,    56.29 MB ( 97%) used,     1.28 MB (  2%) free+waste,   219.50 KB ( <1%) overhead. 

Virtual space:
  Non-class space:       52.00 MB reserved,      50.25 MB ( 97%) committed 
      Class space:        1.00 GB reserved,       7.82 MB ( <1%) committed 
             Both:        1.05 GB reserved,      58.07 MB (  5%) committed 

Chunk freelists:
   Non-Class:  24.00 KB
       Class:  27.00 KB
        Both:  51.00 KB

MaxMetaspaceSize: 17179869184.00 GB
CompressedClassSpaceSize: 1.00 GB

CodeHeap 'non-profiled nmethods': size=120064Kb used=3018Kb max_used=3018Kb free=117045Kb
 bounds [0x000002d747d00000, 0x000002d748000000, 0x000002d74f240000]
CodeHeap 'profiled nmethods': size=120000Kb used=12495Kb max_used=12495Kb free=107504Kb
 bounds [0x000002d7407d0000, 0x000002d741410000, 0x000002d747d00000]
CodeHeap 'non-nmethods': size=5696Kb used=2248Kb max_used=2265Kb free=3447Kb
 bounds [0x000002d740240000, 0x000002d7404b0000, 0x000002d7407d0000]
 total_blobs=6783 nmethods=5950 adapters=742
 compilation: enabled
              stopped_count=0, restarted_count=0
 full_count=0

Compilation events (20 events):
Event: 24.110 Thread 0x000002d756365800 5889       3       org.gradle.internal.instantiation.generator.AbstractClassGenerator::inspectType (560 bytes)
Event: 24.115 Thread 0x000002d756365800 nmethod 5889 0x000002d7413d7110 code [0x000002d7413d7920, 0x000002d7413dcb48]
Event: 24.115 Thread 0x000002d756365800 5890       3       org.objectweb.asm.Frame::addInitializedType (77 bytes)
Event: 24.115 Thread 0x000002d756365800 nmethod 5890 0x000002d7413de490 code [0x000002d7413de680, 0x000002d7413deba8]
Event: 24.131 Thread 0x000002d756365800 5891       3       java.lang.invoke.BoundMethodHandle::bindArgumentL (11 bytes)
Event: 24.132 Thread 0x000002d756365800 nmethod 5891 0x000002d7413ded90 code [0x000002d7413def80, 0x000002d7413df458]
Event: 24.132 Thread 0x000002d756365800 5892       3       java.lang.invoke.LambdaFormEditor::bindArgumentL (59 bytes)
Event: 24.132 Thread 0x000002d756365800 nmethod 5892 0x000002d7413df690 code [0x000002d7413df860, 0x000002d7413dfae8]
Event: 24.135 Thread 0x000002d756365800 5893       3       com.google.common.reflect.TypeToken::someRawTypeIsSubclassOf (42 bytes)
Event: 24.136 Thread 0x000002d756365800 nmethod 5893 0x000002d7413dfc10 code [0x000002d7413dfee0, 0x000002d7413e0fa8]
Event: 24.136 Thread 0x000002d756365800 5896       3       com.google.common.reflect.TypeResolver::<init> (16 bytes)
Event: 24.137 Thread 0x000002d756365800 nmethod 5896 0x000002d7413e1510 code [0x000002d7413e16e0, 0x000002d7413e1a78]
Event: 24.137 Thread 0x000002d756365800 5895       3       com.google.common.reflect.TypeResolver::covariantly (15 bytes)
Event: 24.138 Thread 0x000002d756365800 nmethod 5895 0x000002d7413e1b90 code [0x000002d7413e1ea0, 0x000002d7413e3158]
Event: 24.138 Thread 0x000002d756365800 5894       3       com.google.common.reflect.TypeToken::getCovariantTypeResolver (24 bytes)
Event: 24.139 Thread 0x000002d756365800 nmethod 5894 0x000002d7413e3790 code [0x000002d7413e39c0, 0x000002d7413e4178]
Event: 24.187 Thread 0x000002d756365800 5897       3       java.util.logging.LogManager::getProperty (9 bytes)
Event: 24.188 Thread 0x000002d756365800 nmethod 5897 0x000002d7413e4410 code [0x000002d7413e45c0, 0x000002d7413e4788]
Event: 24.191 Thread 0x000002d756365800 5898       3       java.lang.invoke.BoundMethodHandle$Species_L::<init> (12 bytes)
Event: 24.192 Thread 0x000002d756365800 nmethod 5898 0x000002d7413e4890 code [0x000002d7413e4a60, 0x000002d7413e4c68]

GC Heap History (20 events):
Event: 10.023 GC heap before
{Heap before GC invocations=3 (full 0):
 garbage-first heap   total 129024K, used 52862K [0x0000000080000000, 0x0000000100000000)
  region size 1024K, 44 young (45056K), 4 survivors (4096K)
 Metaspace       used 17552K, capacity 17976K, committed 18048K, reserved 1064960K
  class space    used 2047K, capacity 2174K, committed 2176K, reserved 1048576K
}
Event: 10.044 GC heap after
{Heap after GC invocations=4 (full 0):
 garbage-first heap   total 129024K, used 16010K [0x0000000080000000, 0x0000000100000000)
  region size 1024K, 6 young (6144K), 6 survivors (6144K)
 Metaspace       used 17552K, capacity 17976K, committed 18048K, reserved 1064960K
  class space    used 2047K, capacity 2174K, committed 2176K, reserved 1048576K
}
Event: 10.727 GC heap before
{Heap before GC invocations=4 (full 0):
 garbage-first heap   total 129024K, used 41610K [0x0000000080000000, 0x0000000100000000)
  region size 1024K, 32 young (32768K), 6 survivors (6144K)
 Metaspace       used 20559K, capacity 21104K, committed 21248K, reserved 1067008K
  class space    used 2504K, capacity 2690K, committed 2816K, reserved 1048576K
}
Event: 10.740 GC heap after
{Heap after GC invocations=5 (full 0):
 garbage-first heap   total 129024K, used 16838K [0x0000000080000000, 0x0000000100000000)
  region size 1024K, 1 young (1024K), 1 survivors (1024K)
 Metaspace       used 20559K, capacity 21104K, committed 21248K, reserved 1067008K
  class space    used 2504K, capacity 2690K, committed 2816K, reserved 1048576K
}
Event: 12.978 GC heap before
{Heap before GC invocations=6 (full 0):
 garbage-first heap   total 129024K, used 63942K [0x0000000080000000, 0x0000000100000000)
  region size 1024K, 48 young (49152K), 1 survivors (1024K)
 Metaspace       used 25593K, capacity 26212K, committed 26368K, reserved 1073152K
  class space    used 3339K, capacity 3568K, committed 3584K, reserved 1048576K
}
Event: 12.984 GC heap after
{Heap after GC invocations=7 (full 0):
 garbage-first heap   total 129024K, used 18487K [0x0000000080000000, 0x0000000100000000)
  region size 1024K, 3 young (3072K), 3 survivors (3072K)
 Metaspace       used 25593K, capacity 26212K, committed 26368K, reserved 1073152K
  class space    used 3339K, capacity 3568K, committed 3584K, reserved 1048576K
}
Event: 14.127 GC heap before
{Heap before GC invocations=7 (full 0):
 garbage-first heap   total 129024K, used 72759K [0x0000000080000000, 0x0000000100000000)
  region size 1024K, 56 young (57344K), 3 survivors (3072K)
 Metaspace       used 32314K, capacity 33085K, committed 33152K, reserved 1077248K
  class space    used 4215K, capacity 4476K, committed 4480K, reserved 1048576K
}
Event: 14.136 GC heap after
{Heap after GC invocations=8 (full 0):
 garbage-first heap   total 129024K, used 20934K [0x0000000080000000, 0x0000000100000000)
  region size 1024K, 5 young (5120K), 5 survivors (5120K)
 Metaspace       used 32314K, capacity 33085K, committed 33152K, reserved 1077248K
  class space    used 4215K, capacity 4476K, committed 4480K, reserved 1048576K
}
Event: 14.313 GC heap before
{Heap before GC invocations=8 (full 0):
 garbage-first heap   total 129024K, used 28102K [0x0000000080000000, 0x0000000100000000)
  region size 1024K, 13 young (13312K), 5 survivors (5120K)
 Metaspace       used 35018K, capacity 35806K, committed 35840K, reserved 1081344K
  class space    used 4533K, capacity 4832K, committed 4864K, reserved 1048576K
}
Event: 14.324 GC heap after
{Heap after GC invocations=9 (full 0):
 garbage-first heap   total 129024K, used 23267K [0x0000000080000000, 0x0000000100000000)
  region size 1024K, 5 young (5120K), 5 survivors (5120K)
 Metaspace       used 35018K, capacity 35806K, committed 35840K, reserved 1081344K
  class space    used 4533K, capacity 4832K, committed 4864K, reserved 1048576K
}
Event: 15.066 GC heap before
{Heap before GC invocations=10 (full 0):
 garbage-first heap   total 129024K, used 70371K [0x0000000080000000, 0x0000000100000000)
  region size 1024K, 49 young (50176K), 5 survivors (5120K)
 Metaspace       used 38848K, capacity 39785K, committed 39884K, reserved 1083392K
  class space    used 4956K, capacity 5300K, committed 5324K, reserved 1048576K
}
Event: 15.077 GC heap after
{Heap after GC invocations=11 (full 0):
 garbage-first heap   total 129024K, used 25649K [0x0000000080000000, 0x0000000100000000)
  region size 1024K, 5 young (5120K), 5 survivors (5120K)
 Metaspace       used 38848K, capacity 39785K, committed 39884K, reserved 1083392K
  class space    used 4956K, capacity 5300K, committed 5324K, reserved 1048576K
}
Event: 17.394 GC heap before
{Heap before GC invocations=11 (full 0):
 garbage-first heap   total 129024K, used 73777K [0x0000000080000000, 0x0000000100000000)
  region size 1024K, 52 young (53248K), 5 survivors (5120K)
 Metaspace       used 43035K, capacity 44039K, committed 44236K, reserved 1087488K
  class space    used 5469K, capacity 5816K, committed 5836K, reserved 1048576K
}
Event: 17.405 GC heap after
{Heap after GC invocations=12 (full 0):
 garbage-first heap   total 129024K, used 27779K [0x0000000080000000, 0x0000000100000000)
  region size 1024K, 6 young (6144K), 6 survivors (6144K)
 Metaspace       used 43035K, capacity 44039K, committed 44236K, reserved 1087488K
  class space    used 5469K, capacity 5816K, committed 5836K, reserved 1048576K
}
Event: 20.334 GC heap before
{Heap before GC invocations=12 (full 0):
 garbage-first heap   total 129024K, used 78979K [0x0000000080000000, 0x0000000100000000)
  region size 1024K, 56 young (57344K), 6 survivors (6144K)
 Metaspace       used 46638K, capacity 47814K, committed 47948K, reserved 1091584K
  class space    used 5945K, capacity 6391K, committed 6476K, reserved 1048576K
}
Event: 20.347 GC heap after
{Heap after GC invocations=13 (full 0):
 garbage-first heap   total 129024K, used 30150K [0x0000000080000000, 0x0000000100000000)
  region size 1024K, 5 young (5120K), 5 survivors (5120K)
 Metaspace       used 46638K, capacity 47814K, committed 47948K, reserved 1091584K
  class space    used 5945K, capacity 6391K, committed 6476K, reserved 1048576K
}
Event: 22.415 GC heap before
{Heap before GC invocations=13 (full 0):
 garbage-first heap   total 129024K, used 90566K [0x0000000080000000, 0x0000000100000000)
  region size 1024K, 57 young (58368K), 5 survivors (5120K)
 Metaspace       used 49693K, capacity 51092K, committed 51404K, reserved 1093632K
  class space    used 6302K, capacity 6785K, committed 6860K, reserved 1048576K
}
Event: 22.433 GC heap after
{Heap after GC invocations=14 (full 0):
 garbage-first heap   total 129024K, used 47103K [0x0000000080000000, 0x0000000100000000)
  region size 1024K, 8 young (8192K), 8 survivors (8192K)
 Metaspace       used 49693K, capacity 51092K, committed 51404K, reserved 1093632K
  class space    used 6302K, capacity 6785K, committed 6860K, reserved 1048576K
}
Event: 23.994 GC heap before
{Heap before GC invocations=14 (full 0):
 garbage-first heap   total 129024K, used 91135K [0x0000000080000000, 0x0000000100000000)
  region size 1024K, 51 young (52224K), 8 survivors (8192K)
 Metaspace       used 56190K, capacity 57613K, committed 57804K, reserved 1099776K
  class space    used 7091K, capacity 7608K, committed 7628K, reserved 1048576K
}
Event: 24.009 GC heap after
{Heap after GC invocations=15 (full 0):
 garbage-first heap   total 129024K, used 49543K [0x0000000080000000, 0x0000000100000000)
  region size 1024K, 2 young (2048K), 2 survivors (2048K)
 Metaspace       used 56190K, capacity 57613K, committed 57804K, reserved 1099776K
  class space    used 7091K, capacity 7608K, committed 7628K, reserved 1048576K
}

Deoptimization events (20 events):
Event: 22.445 Thread 0x000002d757527000 DEOPT PACKING pc=0x000002d747e21f6c sp=0x000000f1628f8350
Event: 22.445 Thread 0x000002d757527000 DEOPT UNPACKING pc=0x000002d7402678af sp=0x000000f1628f82d0 mode 2
Event: 22.449 Thread 0x000002d757527000 Uncommon trap: trap_request=0xffffffde fr.pc=0x000002d747f92b5c relative=0x00000000000003fc
Event: 22.450 Thread 0x000002d757527000 Uncommon trap: reason=class_check action=maybe_recompile pc=0x000002d747f92b5c method=com.google.common.collect.RegularImmutableMap.get([I[Ljava/lang/Object;IILjava/lang/Object;)Ljava/lang/Object; @ 17 c2
Event: 22.450 Thread 0x000002d757527000 DEOPT PACKING pc=0x000002d747f92b5c sp=0x000000f1628f7ea0
Event: 22.450 Thread 0x000002d757527000 DEOPT UNPACKING pc=0x000002d7402678af sp=0x000000f1628f7e40 mode 2
Event: 22.450 Thread 0x000002d757527000 Uncommon trap: trap_request=0xffffff4d fr.pc=0x000002d747f92c4c relative=0x00000000000004ec
Event: 22.450 Thread 0x000002d757527000 Uncommon trap: reason=unstable_if action=reinterpret pc=0x000002d747f92c4c method=com.google.common.collect.RegularImmutableMap.get([I[Ljava/lang/Object;IILjava/lang/Object;)Ljava/lang/Object; @ 34 c2
Event: 22.450 Thread 0x000002d757527000 DEOPT PACKING pc=0x000002d747f92c4c sp=0x000000f1628f7ef0
Event: 22.450 Thread 0x000002d757527000 DEOPT UNPACKING pc=0x000002d7402678af sp=0x000000f1628f7e98 mode 2
Event: 23.359 Thread 0x000002d757527000 Uncommon trap: trap_request=0xffffff4d fr.pc=0x000002d747fdb8a0 relative=0x0000000000000420
Event: 23.359 Thread 0x000002d757527000 Uncommon trap: reason=unstable_if action=reinterpret pc=0x000002d747fdb8a0 method=org.gradle.internal.instantiation.generator.AbstractClassGenerator$InjectionAnnotationValidator.validateMethod(Ljava/lang/reflect/Method;Lorg/gradle/internal/reflect/Propert
Event: 23.359 Thread 0x000002d757527000 DEOPT PACKING pc=0x000002d747fdb8a0 sp=0x000000f1628f7fb0
Event: 23.359 Thread 0x000002d757527000 DEOPT UNPACKING pc=0x000002d7402678af sp=0x000000f1628f7f78 mode 2
Event: 23.912 Thread 0x000002d757527000 DEOPT PACKING pc=0x000002d741016b61 sp=0x000000f1628f8050
Event: 23.912 Thread 0x000002d757527000 DEOPT UNPACKING pc=0x000002d7402676ce sp=0x000000f1628f7508 mode 0
Event: 24.011 Thread 0x000002d756d2d000 Uncommon trap: trap_request=0xffffffde fr.pc=0x000002d747e27cec relative=0x000000000000052c
Event: 24.011 Thread 0x000002d756d2d000 Uncommon trap: reason=class_check action=maybe_recompile pc=0x000002d747e27cec method=jdk.internal.ref.PhantomCleanable.clean()V @ 12 c2
Event: 24.011 Thread 0x000002d756d2d000 DEOPT PACKING pc=0x000002d747e27cec sp=0x000000f161eff2e0
Event: 24.011 Thread 0x000002d756d2d000 DEOPT UNPACKING pc=0x000002d7402678af sp=0x000000f161eff2c0 mode 2

Classes redefined (0 events):
No events

Internal exceptions (20 events):
Event: 21.894 Thread 0x000002d757e61000 Exception <a 'java/lang/NoSuchMethodError'{0x00000000859162c8}: <clinit>> (0x00000000859162c8) thrown at [./src/hotspot/share/prims/jni.cpp, line 1362]
Event: 21.894 Thread 0x000002d757e61000 Exception <a 'java/lang/NoSuchMethodError'{0x00000000859175b8}: <clinit>> (0x00000000859175b8) thrown at [./src/hotspot/share/prims/jni.cpp, line 1362]
Event: 21.895 Thread 0x000002d757e61000 Exception <a 'java/lang/NoSuchMethodError'{0x00000000859213c8}: <clinit>> (0x00000000859213c8) thrown at [./src/hotspot/share/prims/jni.cpp, line 1362]
Event: 21.896 Thread 0x000002d757e61000 Exception <a 'java/lang/NoSuchMethodError'{0x000000008592bac0}: <clinit>> (0x000000008592bac0) thrown at [./src/hotspot/share/prims/jni.cpp, line 1362]
Event: 21.899 Thread 0x000002d757e61000 Exception <a 'java/lang/NoSuchMethodError'{0x000000008593fe60}: <clinit>> (0x000000008593fe60) thrown at [./src/hotspot/share/prims/jni.cpp, line 1362]
Event: 21.924 Thread 0x000002d757527000 Exception <a 'java/lang/ClassNotFoundException'{0x0000000085966908}: build_2dtuumcueen218xlj5x1769r4BeanInfo> (0x0000000085966908) thrown at [./src/hotspot/share/classfile/systemDictionary.cpp, line 231]
Event: 21.924 Thread 0x000002d757527000 Exception <a 'java/lang/ClassNotFoundException'{0x0000000085971830}: build_2dtuumcueen218xlj5x1769r4Customizer> (0x0000000085971830) thrown at [./src/hotspot/share/classfile/systemDictionary.cpp, line 231]
Event: 21.933 Thread 0x000002d757527000 Exception <a 'java/lang/ClassNotFoundException'{0x00000000859f1780}: org/gradle/plugin/use/internal/PluginRequestCollector$PluginDependenciesSpecImplBeanInfo> (0x00000000859f1780) thrown at [./src/hotspot/share/classfile/systemDictionary.cpp, line 231]
Event: 21.935 Thread 0x000002d757527000 Exception <a 'java/lang/ClassNotFoundException'{0x000000008581fb68}: org/gradle/plugin/use/internal/PluginRequestCollector$PluginDependenciesSpecImplCustomizer> (0x000000008581fb68) thrown at [./src/hotspot/share/classfile/systemDictionary.cpp, line 231]
Event: 22.003 Thread 0x000002d757527000 Exception <a 'java/lang/ClassNotFoundException'{0x00000000856fe650}: org/gradle/api/internal/plugins/DefaultObjectConfigurationActionBeanInfo> (0x00000000856fe650) thrown at [./src/hotspot/share/classfile/systemDictionary.cpp, line 231]
Event: 22.005 Thread 0x000002d757527000 Exception <a 'java/lang/ClassNotFoundException'{0x0000000085533770}: org/gradle/api/internal/plugins/DefaultObjectConfigurationActionCustomizer> (0x0000000085533770) thrown at [./src/hotspot/share/classfile/systemDictionary.cpp, line 231]
Event: 22.363 Thread 0x000002d757527000 Exception <a 'java/lang/NoSuchMethodError'{0x0000000084b136d8}: 'java.lang.Object java.lang.invoke.DirectMethodHandle$Holder.invokeStatic(java.lang.Object, java.lang.Object, java.lang.Object, java.lang.Object, int)'> (0x0000000084b136d8) thrown at [./src/hotspot/share/interpreter/linkResolver.cpp, line 773]
Event: 22.364 Thread 0x000002d757527000 Exception <a 'java/lang/NoSuchMethodError'{0x0000000084b180d0}: 'java.lang.Object java.lang.invoke.DirectMethodHandle$Holder.invokeSpecial(java.lang.Object, java.lang.Object, java.lang.Object, java.lang.Object, java.lang.Object, int)'> (0x0000000084b180d0) thrown at [./src/hotspot/share/interpreter/linkResolver.cpp, line 773]
Event: 22.364 Thread 0x000002d757527000 Exception <a 'java/lang/NoSuchMethodError'{0x0000000084b1c710}: 'java.lang.Object java.lang.invoke.Invokers$Holder.linkToTargetMethod(java.lang.Object, java.lang.Object, java.lang.Object, int, java.lang.Object)'> (0x0000000084b1c710) thrown at [./src/hotspot/share/interpreter/linkResolver.cpp, line 773]
Event: 22.450 Thread 0x000002d757527000 Implicit null exception at 0x000002d747f92795 to 0x000002d747f92c2c
Event: 22.871 Thread 0x000002d757527000 Exception <a 'java/lang/NoSuchMethodError'{0x00000000871cb308}: 'java.lang.Object java.lang.invoke.DirectMethodHandle$Holder.invokeSpecial(java.lang.Object, java.lang.Object, int, int, java.lang.Object, java.lang.Object, java.lang.Object)'> (0x00000000871cb308) thrown at [./src/hotspot/share/interpreter/linkResolver.cpp, line 773]
Event: 22.873 Thread 0x000002d757527000 Exception <a 'java/lang/NoSuchMethodError'{0x00000000871cf888}: 'java.lang.Object java.lang.invoke.DelegatingMethodHandle$Holder.reinvoke_L(java.lang.Object, int, int, java.lang.Object, java.lang.Object, java.lang.Object)'> (0x00000000871cf888) thrown at [./src/hotspot/share/interpreter/linkResolver.cpp, line 773]
Event: 23.329 Thread 0x000002d757527000 Exception <a 'java/lang/NoSuchMethodError'{0x00000000865aea40}: 'int java.lang.invoke.DirectMethodHandle$Holder.invokeInterface(java.lang.Object, java.lang.Object, java.lang.Object, java.lang.Object)'> (0x00000000865aea40) thrown at [./src/hotspot/share/interpreter/linkResolver.cpp, line 773]
Event: 23.913 Thread 0x000002d757527000 Exception <a 'java/lang/NoSuchMethodError'{0x000000008558b920}: 'void java.lang.invoke.DirectMethodHandle$Holder.invokeInterface(java.lang.Object, java.lang.Object, java.lang.Object, java.lang.Object)'> (0x000000008558b920) thrown at [./src/hotspot/share/interpreter/linkResolver.cpp, line 773]
Event: 24.190 Thread 0x000002d757527000 Exception <a 'java/lang/IncompatibleClassChangeError'{0x00000000878b33b8}: Found class java.lang.Object, but interface was expected> (0x00000000878b33b8) thrown at [./src/hotspot/share/interpreter/linkResolver.cpp, line 839]

Events (20 events):
Event: 24.198 loading class com/sun/jmx/mbeanserver/MXBeanMappingFactory
Event: 24.198 loading class com/sun/jmx/mbeanserver/MXBeanMappingFactory done
Event: 24.198 loading class com/sun/jmx/mbeanserver/DefaultMXBeanMappingFactory
Event: 24.199 loading class com/sun/jmx/mbeanserver/DefaultMXBeanMappingFactory done
Event: 24.199 loading class com/sun/jmx/mbeanserver/DefaultMXBeanMappingFactory$Mappings
Event: 24.199 loading class com/sun/jmx/mbeanserver/DefaultMXBeanMappingFactory$Mappings done
Event: 24.199 loading class javax/management/openmbean/OpenType
Event: 24.200 loading class javax/management/openmbean/OpenType done
Event: 24.200 loading class javax/management/openmbean/SimpleType
Event: 24.201 loading class javax/management/openmbean/SimpleType done
Event: 24.201 loading class javax/management/openmbean/CompositeData
Event: 24.202 loading class javax/management/openmbean/CompositeData done
Event: 24.202 loading class javax/management/openmbean/TabularData
Event: 24.202 loading class javax/management/openmbean/TabularData done
Event: 24.203 loading class com/sun/jmx/mbeanserver/DefaultMXBeanMappingFactory$IdentityMapping
Event: 24.203 loading class com/sun/jmx/mbeanserver/DefaultMXBeanMappingFactory$NonNullMXBeanMapping
Event: 24.203 loading class com/sun/jmx/mbeanserver/MXBeanMapping
Event: 24.203 loading class com/sun/jmx/mbeanserver/MXBeanMapping done
Event: 24.203 loading class com/sun/jmx/mbeanserver/DefaultMXBeanMappingFactory$NonNullMXBeanMapping done
Event: 24.203 loading class com/sun/jmx/mbeanserver/DefaultMXBeanMappingFactory$IdentityMapping done


Dynamic libraries:
0x00007ff612c00000 - 0x00007ff612c0a000 	C:\Program Files\Android\Android Studio\jre\bin\java.exe
0x00007ff8490b0000 - 0x00007ff8492a5000 	C:\WINDOWS\SYSTEM32\ntdll.dll
0x00007ff848490000 - 0x00007ff84854e000 	C:\WINDOWS\System32\KERNEL32.DLL
0x00007ff846e30000 - 0x00007ff8470f8000 	C:\WINDOWS\System32\KERNELBASE.dll
0x00007ff8467c0000 - 0x00007ff8468c0000 	C:\WINDOWS\System32\ucrtbase.dll
0x00007ff843120000 - 0x00007ff843137000 	C:\Program Files\Android\Android Studio\jre\bin\VCRUNTIME140.dll
0x00007ff83daa0000 - 0x00007ff83dab9000 	C:\Program Files\Android\Android Studio\jre\bin\jli.dll
0x00007ff847be0000 - 0x00007ff847d80000 	C:\WINDOWS\System32\USER32.dll
0x00007ff846a50000 - 0x00007ff846a72000 	C:\WINDOWS\System32\win32u.dll
0x00007ff847d80000 - 0x00007ff847dab000 	C:\WINDOWS\System32\GDI32.dll
0x00007ff846940000 - 0x00007ff846a4d000 	C:\WINDOWS\System32\gdi32full.dll
0x00007ff846c30000 - 0x00007ff846ccd000 	C:\WINDOWS\System32\msvcp_win.dll
0x00007ff834c80000 - 0x00007ff834f1a000 	C:\WINDOWS\WinSxS\amd64_microsoft.windows.common-controls_6595b64144ccf1df_6.0.19041.1110_none_60b5254171f9507e\COMCTL32.dll
0x00007ff848e80000 - 0x00007ff848f1e000 	C:\WINDOWS\System32\msvcrt.dll
0x00007ff8483f0000 - 0x00007ff848420000 	C:\WINDOWS\System32\IMM32.DLL
0x00007ff832260000 - 0x00007ff8322fd000 	C:\Program Files\Android\Android Studio\jre\bin\msvcp140.dll
0x00007fffd6cb0000 - 0x00007fffd777f000 	C:\Program Files\Android\Android Studio\jre\bin\server\jvm.dll
0x00007ff848600000 - 0x00007ff8486ae000 	C:\WINDOWS\System32\ADVAPI32.dll
0x00007ff848f20000 - 0x00007ff848fbc000 	C:\WINDOWS\System32\sechost.dll
0x00007ff847db0000 - 0x00007ff847ed5000 	C:\WINDOWS\System32\RPCRT4.dll
0x00007ff848070000 - 0x00007ff848078000 	C:\WINDOWS\System32\PSAPI.DLL
0x00007ff834f30000 - 0x00007ff834f57000 	C:\WINDOWS\SYSTEM32\WINMM.dll
0x00007ff82a700000 - 0x00007ff82a709000 	C:\WINDOWS\SYSTEM32\WSOCK32.dll
0x00007ff83cb40000 - 0x00007ff83cb4a000 	C:\WINDOWS\SYSTEM32\VERSION.dll
0x00007ff847a90000 - 0x00007ff847afb000 	C:\WINDOWS\System32\WS2_32.dll
0x00007ff8446b0000 - 0x00007ff8446c2000 	C:\WINDOWS\SYSTEM32\kernel.appcore.dll
0x00007ff8421e0000 - 0x00007ff8421f1000 	C:\Program Files\Android\Android Studio\jre\bin\verify.dll
0x00007ff82d9f0000 - 0x00007ff82dbd4000 	C:\WINDOWS\SYSTEM32\DBGHELP.DLL
0x00007ff82e170000 - 0x00007ff82e19c000 	C:\WINDOWS\SYSTEM32\dbgcore.DLL
0x00007ff846b30000 - 0x00007ff846bb2000 	C:\WINDOWS\System32\bcryptPrimitives.dll
0x00007ff83c080000 - 0x00007ff83c0a9000 	C:\Program Files\Android\Android Studio\jre\bin\java.dll
0x00007ff8421d0000 - 0x00007ff8421db000 	C:\Program Files\Android\Android Studio\jre\bin\jimage.dll
0x00007ff836610000 - 0x00007ff836628000 	C:\Program Files\Android\Android Studio\jre\bin\zip.dll
0x00007ff847100000 - 0x00007ff847844000 	C:\WINDOWS\System32\SHELL32.dll
0x00007ff8448b0000 - 0x00007ff845044000 	C:\WINDOWS\SYSTEM32\windows.storage.dll
0x00007ff848080000 - 0x00007ff8483d5000 	C:\WINDOWS\System32\combase.dll
0x00007ff846210000 - 0x00007ff84623e000 	C:\WINDOWS\SYSTEM32\Wldp.dll
0x00007ff848550000 - 0x00007ff8485fd000 	C:\WINDOWS\System32\SHCORE.dll
0x00007ff848c30000 - 0x00007ff848c85000 	C:\WINDOWS\System32\shlwapi.dll
0x00007ff846700000 - 0x00007ff84671f000 	C:\WINDOWS\SYSTEM32\profapi.dll
0x00007ff8351a0000 - 0x00007ff8351ba000 	C:\Program Files\Android\Android Studio\jre\bin\net.dll
0x00007ff835a90000 - 0x00007ff835b9c000 	C:\WINDOWS\SYSTEM32\WINHTTP.dll
0x00007ff845f70000 - 0x00007ff845fda000 	C:\WINDOWS\system32\mswsock.dll
0x00007ff8338e0000 - 0x00007ff8338f4000 	C:\Program Files\Android\Android Studio\jre\bin\nio.dll
0x00007ff8422a0000 - 0x00007ff8422c7000 	C:\Users\KDH\.gradle\native\8bec1ad78214c89d9ad589b4d07fe93259594b29d510b10fafb7a158f7737e5d\windows-amd64\native-platform.dll
0x00007ff831f90000 - 0x00007ff8320cd000 	C:\Users\KDH\.gradle\native\53dbd7edfb1c66fb8903c78663c9afc45aea4f116125fa6feffd364cf09443e8\windows-amd64\native-platform-file-events.dll
0x00007ff83c070000 - 0x00007ff83c07a000 	C:\Program Files\Android\Android Studio\jre\bin\management.dll
0x00007ff83bef0000 - 0x00007ff83befc000 	C:\Program Files\Android\Android Studio\jre\bin\management_ext.dll
0x00007ff846160000 - 0x00007ff846178000 	C:\WINDOWS\SYSTEM32\CRYPTSP.dll
0x00007ff845880000 - 0x00007ff8458b4000 	C:\WINDOWS\system32\rsaenh.dll
0x00007ff846910000 - 0x00007ff846937000 	C:\WINDOWS\System32\bcrypt.dll
0x00007ff8466c0000 - 0x00007ff8466ee000 	C:\WINDOWS\SYSTEM32\USERENV.dll
0x00007ff846180000 - 0x00007ff84618c000 	C:\WINDOWS\SYSTEM32\CRYPTBASE.dll
0x00007ff845c10000 - 0x00007ff845c4b000 	C:\WINDOWS\SYSTEM32\IPHLPAPI.DLL
0x00007ff8483e0000 - 0x00007ff8483e8000 	C:\WINDOWS\System32\NSI.dll
0x00007ff83ca70000 - 0x00007ff83ca87000 	C:\WINDOWS\SYSTEM32\dhcpcsvc6.DLL
0x00007ff83d320000 - 0x00007ff83d33d000 	C:\WINDOWS\SYSTEM32\dhcpcsvc.DLL
0x00007ff845c60000 - 0x00007ff845d2b000 	C:\WINDOWS\SYSTEM32\DNSAPI.dll

dbghelp: loaded successfully - version: 4.0.5 - missing functions: none
symbol engine: initialized successfully - sym options: 0x614 - pdb path: .;C:\Program Files\Android\Android Studio\jre\bin;C:\WINDOWS\SYSTEM32;C:\WINDOWS\WinSxS\amd64_microsoft.windows.common-controls_6595b64144ccf1df_6.0.19041.1110_none_60b5254171f9507e;C:\Program Files\Android\Android Studio\jre\bin\server;C:\Users\KDH\.gradle\native\8bec1ad78214c89d9ad589b4d07fe93259594b29d510b10fafb7a158f7737e5d\windows-amd64;C:\Users\KDH\.gradle\native\53dbd7edfb1c66fb8903c78663c9afc45aea4f116125fa6feffd364cf09443e8\windows-amd64

VM Arguments:
jvm_args: --add-opens=java.base/java.util=ALL-UNNAMED --add-opens=java.base/java.lang=ALL-UNNAMED --add-opens=java.base/java.lang.invoke=ALL-UNNAMED --add-opens=java.base/java.util=ALL-UNNAMED --add-opens=java.prefs/java.util.prefs=ALL-UNNAMED --add-opens=java.prefs/java.util.prefs=ALL-UNNAMED --add-opens=java.base/java.nio.charset=ALL-UNNAMED --add-opens=java.base/java.net=ALL-UNNAMED --add-opens=java.base/java.util.concurrent.atomic=ALL-UNNAMED -Xmx2048m -Dfile.encoding=UTF-8 -Duser.country=KR -Duser.language=ko -Duser.variant 
java_command: org.gradle.launcher.daemon.bootstrap.GradleDaemon 7.0.2
java_class_path (initial): C:\Users\KDH\.gradle\wrapper\dists\gradle-7.0.2-bin\857tjihv64xamwrf0h14cai3r\gradle-7.0.2\lib\gradle-launcher-7.0.2.jar
Launcher Type: SUN_STANDARD

[Global flags]
     intx CICompilerCount                          = 3                                         {product} {ergonomic}
     uint ConcGCThreads                            = 1                                         {product} {ergonomic}
     uint G1ConcRefinementThreads                  = 4                                         {product} {ergonomic}
   size_t G1HeapRegionSize                         = 1048576                                   {product} {ergonomic}
    uintx GCDrainStackTargetSize                   = 64                                        {product} {ergonomic}
   size_t InitialHeapSize                          = 132120576                                 {product} {ergonomic}
   size_t MarkStackSize                            = 4194304                                   {product} {ergonomic}
   size_t MaxHeapSize                              = 2147483648                                {product} {command line}
   size_t MaxNewSize                               = 1287651328                                {product} {ergonomic}
   size_t MinHeapDeltaBytes                        = 1048576                                   {product} {ergonomic}
    uintx NonNMethodCodeHeapSize                   = 5830732                                {pd product} {ergonomic}
    uintx NonProfiledCodeHeapSize                  = 122913754                              {pd product} {ergonomic}
    uintx ProfiledCodeHeapSize                     = 122913754                              {pd product} {ergonomic}
    uintx ReservedCodeCacheSize                    = 251658240                              {pd product} {ergonomic}
     bool SegmentedCodeCache                       = true                                      {product} {ergonomic}
     bool UseCompressedClassPointers               = true                                 {lp64_product} {ergonomic}
     bool UseCompressedOops                        = true                                 {lp64_product} {ergonomic}
     bool UseG1GC                                  = true                                      {product} {ergonomic}
     bool UseLargePagesIndividualAllocation        = false                                  {pd product} {ergonomic}

Logging:
Log output configuration:
 #0: stdout all=warning uptime,level,tags
 #1: stderr all=off uptime,level,tags

Environment Variables:
PATH=C:\Users\KDH\AppData\Local\Android\Sdk\platform-tools;C:\Program Files (x86)\NAT Service;C:\Program Files (x86)\Intel\iCLS Client\;C:\Program Files\Intel\iCLS Client\;C:\Windows\system32;C:\Windows;C:\Windows\System32\Wbem;C:\Windows\System32\WindowsPowerShell\v1.0\;C:\Program Files (x86)\Intel\Intel(R) Management Engine Components\DAL;C:\Program Files\Intel\Intel(R) Management Engine Components\DAL;C:\Program Files (x86)\Intel\Intel(R) Management Engine Components\IPT;C:\Program Files\Intel\Intel(R) Management Engine Components\IPT;C:\Program Files (x86)\NVIDIA Corporation\PhysX\Common;C:\Program Files\Intel\WiFi\bin\;C:\Program Files\Common Files\Intel\WirelessCommon\;C:\WINDOWS\system32;C:\WINDOWS;C:\WINDOWS\System32\Wbem;C:\WINDOWS\System32\WindowsPowerShell\v1.0\;C:\WINDOWS\System32\OpenSSH\;C:\Program Files\NVIDIA Corporation\NVIDIA NvDLISR;C:\Program Files\MATLAB\R2020b\bin;C:\Program Files\Git\cmd;C:\Program Files\PuTTY\;C:\Program Files\dotnet\;C:\Users\KDH\AppData\Local\Microsoft\WindowsApps;C:\Users\KDH\AppData\Local\GitHubDesktop\bin;C:\Users\KDH\.dotnet\tools
USERNAME=KDH
OS=Windows_NT
PROCESSOR_IDENTIFIER=Intel64 Family 6 Model 78 Stepping 3, GenuineIntel



---------------  S Y S T E M  ---------------

OS: Windows 10 , 64 bit Build 19041 (10.0.19041.1503)
OS uptime: 0 days 0:19 hours

CPU:total 4 (initial active 4) (2 cores per cpu, 2 threads per core) family 6 model 78 stepping 3 microcode 0xcc, cmov, cx8, fxsr, mmx, sse, sse2, sse3, ssse3, sse4.1, sse4.2, popcnt, avx, avx2, aes, clmul, erms, 3dnowpref, lzcnt, ht, tsc, tscinvbit, bmi1, bmi2, adx, fma

Memory: 4k page, system-wide physical 8055M (564M free)
TotalPageFile size 8055M (AvailPageFile size 40M)
current process WorkingSet (physical memory assigned to process): 282M, peak: 282M
current process commit charge ("private bytes"): 327M, peak: 328M

vm_info: OpenJDK 64-Bit Server VM (11.0.10+0-b96-7249189) for windows-amd64 JRE (11.0.10+0-b96-7249189), built on Mar 31 2021 21:44:00 by "builder" with MS VC++ 14.0 (VS2015)

END.
